2024-07-18:23:01:02MSK * 0 * information * 0x5583e449eab0 * KIM_LogImplementation.cpp:110 * Log object created.  Default verbosity level is 'information'.
2024-07-18:23:01:02MSK * 1 * information * 0x5583e449eab0 * KIM_LogImplementation.cpp:120 * Log object destroyed.
2024-07-18:23:01:02MSK * 0 * information * 0x5583e449eab0 * KIM_LogImplementation.cpp:110 * Log object created.  Default verbosity level is 'information'.
2024-07-18:23:01:02MSK * 0 * information * 0x5583e449f4b0 * KIM_LogImplementation.cpp:110 * Log object created.  Default verbosity level is 'information'.
2024-07-18:23:01:02MSK * 1 * information * 0x5583e449f4b0 * KIM_LogImplementation.cpp:242 * Log object renamed.  ID changed to '0x5583e449eab0_Collections'.
2024-07-18:23:01:02MSK * 2 * information * 0x5583e449eab0_Collections * KIM_LogImplementation.cpp:246 * Log object renamed.  ID changed from '0x5583e449f4b0'.
2024-07-18:23:01:02MSK * 1 * information * 0x5583e449eab0 * ex_model_Ar_P_Morse_07C.c:560 * Set model units
2024-07-18:23:01:02MSK * 2 * information * 0x5583e449eab0 * ex_model_Ar_P_Morse_07C.c:569 * Setting species code
2024-07-18:23:01:02MSK * 3 * information * 0x5583e449eab0 * ex_model_Ar_P_Morse_07C.c:575 * Setting model numbering
2024-07-18:23:01:02MSK * 4 * information * 0x5583e449eab0 * ex_model_Ar_P_Morse_07C.c:581 * Register model function pointers
2024-07-18:23:01:02MSK * 5 * information * 0x5583e449eab0 * ex_model_Ar_P_Morse_07C.c:610 * Set influence distance and cutoffs
2024-07-18:23:01:02MSK * 3 * information * 0x5583e449eab0_Collections * KIM_LogImplementation.cpp:120 * Log object destroyed.
2024-07-18:23:01:02MSK * 0 * information * 0x5583e449f4b0 * KIM_LogImplementation.cpp:110 * Log object created.  Default verbosity level is 'information'.
2024-07-18:23:01:02MSK * 1 * information * 0x5583e449f4b0 * KIM_LogImplementation.cpp:242 * Log object renamed.  ID changed to '0x5583e449eab0_0x5583e449f4b0'.
2024-07-18:23:01:02MSK * 2 * information * 0x5583e449eab0_0x5583e449f4b0 * KIM_LogImplementation.cpp:246 * Log object renamed.  ID changed from '0x5583e449f4b0'.
2024-07-18:23:01:02MSK * 6 * information * 0x5583e449eab0 * ex_model_Ar_P_Morse_07C.c:673 * Register argument supportStatus
2024-07-18:23:01:02MSK * 7 * information * 0x5583e449eab0 * ex_model_Ar_P_Morse_07C.c:690 * Register call back supportStatus
2024-07-18:23:01:02MSK * 8 * error * 0x5583e449eab0 * KIM_ModelImplementation.cpp:1398 * ClearThenRefresh() called but no parameter pointers have been set (and no Refresh routine has been provided).
2024-07-18:23:01:02MSK * 9 * information * 0x5583e449eab0 * ex_model_Ar_P_Morse_07C.c:276 * Checking if call backs are present.
2024-07-18:23:01:02MSK * 10 * information * 0x5583e449eab0 * ex_model_Ar_P_Morse_07C.c:286 * Getting data pointers
2024-07-18:23:01:02MSK * 11 * information * 0x5583e449eab0 * ex_model_Ar_P_Morse_07C.c:354 * Initializing data
2024-07-18:23:01:02MSK * 12 * information * 0x5583e449eab0 * ex_model_Ar_P_Morse_07C.c:372 * Starting main compute loop
2024-07-18:23:01:02MSK * 13 * information * 0x5583e449eab0 * ex_model_Ar_P_Morse_07C.c:520 * Finished compute loop
2024-07-18:23:01:02MSK * 3 * information * 0x5583e449eab0_0x5583e449f4b0 * KIM_LogImplementation.cpp:120 * Log object destroyed.
2024-07-18:23:01:02MSK * 14 * information * 0x5583e449eab0 * ex_model_Ar_P_Morse_07C.c:649 * Getting buffer
2024-07-18:23:01:02MSK * 15 * information * 0x5583e449eab0 * ex_model_Ar_P_Morse_07C.c:652 * Freeing model memory
2024-07-18:23:01:02MSK * 16 * information * 0x5583e449eab0 * KIM_LogImplementation.cpp:120 * Log object destroyed.
2024-07-18:23:01:30MSK * 0 * information * 0x55d82b5ddab0 * KIM_LogImplementation.cpp:110 * Log object created.  Default verbosity level is 'information'.
2024-07-18:23:01:30MSK * 1 * information * 0x55d82b5ddab0 * KIM_LogImplementation.cpp:120 * Log object destroyed.
2024-07-18:23:01:30MSK * 0 * information * 0x55d82b5ddab0 * KIM_LogImplementation.cpp:110 * Log object created.  Default verbosity level is 'information'.
2024-07-18:23:01:30MSK * 0 * information * 0x55d82b5de4b0 * KIM_LogImplementation.cpp:110 * Log object created.  Default verbosity level is 'information'.
2024-07-18:23:01:30MSK * 1 * information * 0x55d82b5de4b0 * KIM_LogImplementation.cpp:242 * Log object renamed.  ID changed to '0x55d82b5ddab0_Collections'.
2024-07-18:23:01:30MSK * 2 * information * 0x55d82b5ddab0_Collections * KIM_LogImplementation.cpp:246 * Log object renamed.  ID changed from '0x55d82b5de4b0'.
2024-07-18:23:01:30MSK * 1 * information * 0x55d82b5ddab0 * ex_model_Ar_P_Morse_07C.c:560 * Set model units
2024-07-18:23:01:30MSK * 2 * information * 0x55d82b5ddab0 * ex_model_Ar_P_Morse_07C.c:569 * Setting species code
2024-07-18:23:01:30MSK * 3 * information * 0x55d82b5ddab0 * ex_model_Ar_P_Morse_07C.c:575 * Setting model numbering
2024-07-18:23:01:30MSK * 4 * information * 0x55d82b5ddab0 * ex_model_Ar_P_Morse_07C.c:581 * Register model function pointers
2024-07-18:23:01:30MSK * 5 * information * 0x55d82b5ddab0 * ex_model_Ar_P_Morse_07C.c:610 * Set influence distance and cutoffs
2024-07-18:23:01:30MSK * 3 * information * 0x55d82b5ddab0_Collections * KIM_LogImplementation.cpp:120 * Log object destroyed.
2024-07-18:23:01:30MSK * 0 * information * 0x55d82b5de4b0 * KIM_LogImplementation.cpp:110 * Log object created.  Default verbosity level is 'information'.
2024-07-18:23:01:30MSK * 1 * information * 0x55d82b5de4b0 * KIM_LogImplementation.cpp:242 * Log object renamed.  ID changed to '0x55d82b5ddab0_0x55d82b5de4b0'.
2024-07-18:23:01:30MSK * 2 * information * 0x55d82b5ddab0_0x55d82b5de4b0 * KIM_LogImplementation.cpp:246 * Log object renamed.  ID changed from '0x55d82b5de4b0'.
2024-07-18:23:01:30MSK * 6 * information * 0x55d82b5ddab0 * ex_model_Ar_P_Morse_07C.c:673 * Register argument supportStatus
2024-07-18:23:01:30MSK * 7 * information * 0x55d82b5ddab0 * ex_model_Ar_P_Morse_07C.c:690 * Register call back supportStatus
2024-07-18:23:01:30MSK * 8 * error * 0x55d82b5ddab0 * KIM_ModelImplementation.cpp:1398 * ClearThenRefresh() called but no parameter pointers have been set (and no Refresh routine has been provided).
2024-07-18:23:01:30MSK * 9 * information * 0x55d82b5ddab0 * ex_model_Ar_P_Morse_07C.c:276 * Checking if call backs are present.
2024-07-18:23:01:30MSK * 10 * information * 0x55d82b5ddab0 * ex_model_Ar_P_Morse_07C.c:286 * Getting data pointers
2024-07-18:23:01:30MSK * 11 * information * 0x55d82b5ddab0 * ex_model_Ar_P_Morse_07C.c:354 * Initializing data
2024-07-18:23:01:30MSK * 12 * information * 0x55d82b5ddab0 * ex_model_Ar_P_Morse_07C.c:372 * Starting main compute loop
2024-07-18:23:01:30MSK * 13 * information * 0x55d82b5ddab0 * ex_model_Ar_P_Morse_07C.c:520 * Finished compute loop
2024-07-18:23:01:30MSK * 3 * information * 0x55d82b5ddab0_0x55d82b5de4b0 * KIM_LogImplementation.cpp:120 * Log object destroyed.
2024-07-18:23:01:30MSK * 14 * information * 0x55d82b5ddab0 * ex_model_Ar_P_Morse_07C.c:649 * Getting buffer
2024-07-18:23:01:30MSK * 15 * information * 0x55d82b5ddab0 * ex_model_Ar_P_Morse_07C.c:652 * Freeing model memory
2024-07-18:23:01:30MSK * 16 * information * 0x55d82b5ddab0 * KIM_LogImplementation.cpp:120 * Log object destroyed.
2024-07-18:23:03:32MSK * 0 * information * 0x5649b66e2ab0 * KIM_LogImplementation.cpp:110 * Log object created.  Default verbosity level is 'information'.
2024-07-18:23:03:32MSK * 1 * information * 0x5649b66e2ab0 * KIM_LogImplementation.cpp:120 * Log object destroyed.
2024-07-18:23:03:32MSK * 0 * information * 0x5649b66e2ab0 * KIM_LogImplementation.cpp:110 * Log object created.  Default verbosity level is 'information'.
2024-07-18:23:03:32MSK * 0 * information * 0x5649b66e34b0 * KIM_LogImplementation.cpp:110 * Log object created.  Default verbosity level is 'information'.
2024-07-18:23:03:32MSK * 1 * information * 0x5649b66e34b0 * KIM_LogImplementation.cpp:242 * Log object renamed.  ID changed to '0x5649b66e2ab0_Collections'.
2024-07-18:23:03:32MSK * 2 * information * 0x5649b66e2ab0_Collections * KIM_LogImplementation.cpp:246 * Log object renamed.  ID changed from '0x5649b66e34b0'.
2024-07-18:23:03:32MSK * 3 * information * 0x5649b66e2ab0_Collections * KIM_LogImplementation.cpp:120 * Log object destroyed.
2024-07-18:23:03:32MSK * 1 * information * 0x5649b66e2ab0 * KIM_LogImplementation.cpp:120 * Log object destroyed.
2024-07-18:23:04:25MSK * 0 * information * 0x55cb21198ab0 * KIM_LogImplementation.cpp:110 * Log object created.  Default verbosity level is 'information'.
2024-07-18:23:04:25MSK * 1 * information * 0x55cb21198ab0 * KIM_LogImplementation.cpp:120 * Log object destroyed.
2024-07-18:23:04:25MSK * 0 * information * 0x55cb21198ab0 * KIM_LogImplementation.cpp:110 * Log object created.  Default verbosity level is 'information'.
2024-07-18:23:04:26MSK * 0 * information * 0x55cb211994b0 * KIM_LogImplementation.cpp:110 * Log object created.  Default verbosity level is 'information'.
2024-07-18:23:04:26MSK * 1 * information * 0x55cb211994b0 * KIM_LogImplementation.cpp:242 * Log object renamed.  ID changed to '0x55cb21198ab0_Collections'.
2024-07-18:23:04:26MSK * 2 * information * 0x55cb21198ab0_Collections * KIM_LogImplementation.cpp:246 * Log object renamed.  ID changed from '0x55cb211994b0'.
2024-07-18:23:04:26MSK * 3 * information * 0x55cb21198ab0_Collections * KIM_LogImplementation.cpp:120 * Log object destroyed.
2024-07-18:23:04:26MSK * 0 * information * 0x55cb21198ab0 * KIM_LogImplementation.cpp:120 * Log object destroyed.
2024-07-18:23:15:56MSK * 0 * information * 0x563c9064df30 * KIM_LogImplementation.cpp:110 * Log object created.  Default verbosity level is 'information'.
2024-07-18:23:15:56MSK * 1 * information * 0x563c9064df30 * KIM_LogImplementation.cpp:120 * Log object destroyed.
2024-07-18:23:15:56MSK * 0 * information * 0x563c9064df30 * KIM_LogImplementation.cpp:110 * Log object created.  Default verbosity level is 'information'.
2024-07-18:23:15:56MSK * 0 * information * 0x563c9064e930 * KIM_LogImplementation.cpp:110 * Log object created.  Default verbosity level is 'information'.
2024-07-18:23:15:56MSK * 1 * information * 0x563c9064e930 * KIM_LogImplementation.cpp:242 * Log object renamed.  ID changed to '0x563c9064df30_Collections'.
2024-07-18:23:15:56MSK * 2 * information * 0x563c9064df30_Collections * KIM_LogImplementation.cpp:246 * Log object renamed.  ID changed from '0x563c9064e930'.
2024-07-18:23:15:56MSK * 1 * warning * 0x563c9064df30 * KIM_ModelImplementation.cpp:874 * Use of the GetParameterFileName(0, 0x7fff01f34180). function is deprecated. Please use GetParameterFileBasename() instead.
2024-07-18:23:15:56MSK * 2 * error * 0x563c9064df30 * KIM_SharedLibrary.cpp:348 * SharedLibrary not open.
2024-07-18:23:15:56MSK * 3 * information * 0x563c9064df30_Collections * KIM_LogImplementation.cpp:120 * Log object destroyed.
2024-07-18:23:15:56MSK * 0 * information * 0x563c9064e930 * KIM_LogImplementation.cpp:110 * Log object created.  Default verbosity level is 'information'.
2024-07-18:23:15:56MSK * 1 * information * 0x563c9064e930 * KIM_LogImplementation.cpp:242 * Log object renamed.  ID changed to '0x563c9064df30_0x563c9064e930'.
2024-07-18:23:15:56MSK * 2 * information * 0x563c9064df30_0x563c9064e930 * KIM_LogImplementation.cpp:246 * Log object renamed.  ID changed from '0x563c9064e930'.
2024-07-18:23:15:56MSK * 3 * information * 0x563c9064df30_0x563c9064e930 * LennardJones612Implementation.cpp:631 * Register argument supportStatus
2024-07-18:23:15:56MSK * 4 * information * 0x563c9064df30_0x563c9064e930 * LennardJones612Implementation.cpp:650 * Register callback supportStatus
2024-07-18:23:15:56MSK * 5 * information * 0x563c9064df30_0x563c9064e930 * KIM_LogImplementation.cpp:120 * Log object destroyed.
2024-07-18:23:15:56MSK * 3 * information * 0x563c9064df30 * KIM_LogImplementation.cpp:120 * Log object destroyed.
