Al99.eam.alloy@
Al_comp_100.def1.txt
bash_run.01*
dump.comp_0.cfg
dump.comp_10000.cfg
dump.comp_1000.cfg
dump.comp_10250.cfg
dump.comp_10500.cfg
dump.comp_10750.cfg
dump.comp_11000.cfg
dump.comp_11250.cfg
dump.comp_11500.cfg
dump.comp_11750.cfg
dump.comp_12000.cfg
dump.comp_12250.cfg
dump.comp_12500.cfg
dump.comp_1250.cfg
dump.comp_12750.cfg
dump.comp_13000.cfg
dump.comp_13250.cfg
dump.comp_13500.cfg
dump.comp_13750.cfg
dump.comp_14000.cfg
dump.comp_14250.cfg
dump.comp_14500.cfg
dump.comp_14750.cfg
dump.comp_15000.cfg
dump.comp_1500.cfg
dump.comp_15250.cfg
dump.comp_15500.cfg
dump.comp_15750.cfg
dump.comp_16000.cfg
dump.comp_16250.cfg
dump.comp_16500.cfg
dump.comp_16750.cfg
dump.comp_17000.cfg
dump.comp_17250.cfg
dump.comp_17500.cfg
dump.comp_1750.cfg
dump.comp_17750.cfg
dump.comp_18000.cfg
dump.comp_18250.cfg
dump.comp_18500.cfg
dump.comp_18750.cfg
dump.comp_19000.cfg
dump.comp_19250.cfg
dump.comp_19500.cfg
dump.comp_19750.cfg
dump.comp_20000.cfg
dump.comp_2000.cfg
dump.comp_2250.cfg
dump.comp_2500.cfg
dump.comp_250.cfg
dump.comp_2750.cfg
dump.comp_3000.cfg
dump.comp_3250.cfg
dump.comp_3500.cfg
dump.comp_3750.cfg
dump.comp_4000.cfg
dump.comp_4250.cfg
dump.comp_4500.cfg
dump.comp_4750.cfg
dump.comp_5000.cfg
dump.comp_500.cfg
dump.comp_5250.cfg
dump.comp_5500.cfg
dump.comp_5750.cfg
dump.comp_6000.cfg
dump.comp_6250.cfg
dump.comp_6500.cfg
dump.comp_6750.cfg
dump.comp_7000.cfg
dump.comp_7250.cfg
dump.comp_7500.cfg
dump.comp_750.cfg
dump.comp_7750.cfg
dump.comp_8000.cfg
dump.comp_8250.cfg
dump.comp_8500.cfg
dump.comp_8750.cfg
dump.comp_9000.cfg
dump.comp_9250.cfg
dump.comp_9500.cfg
dump.comp_9750.cfg
in.comp.txt
log.lammps
ls.out
readme.rst
