Al99.eam.alloy@
bash_run.01*
dump.al_sig5_310_0.cfg
dump.al_sig5_310_20.cfg
dump.sig5_minimization_0.cfg
dump.sig5_minimization_100.cfg
dump.sig5_minimization_125.cfg
dump.sig5_minimization_150.cfg
dump.sig5_minimization_175.cfg
dump.sig5_minimization_200.cfg
dump.sig5_minimization_225.cfg
dump.sig5_minimization_250.cfg
dump.sig5_minimization_25.cfg
dump.sig5_minimization_275.cfg
dump.sig5_minimization_300.cfg
dump.sig5_minimization_325.cfg
dump.sig5_minimization_350.cfg
dump.sig5_minimization_375.cfg
dump.sig5_minimization_400.cfg
dump.sig5_minimization_425.cfg
dump.sig5_minimization_450.cfg
dump.sig5_minimization_475.cfg
dump.sig5_minimization_477.cfg
dump.sig5_minimization_50.cfg
dump.sig5_minimization_75.cfg
input.script
log.lammps_miro-HP-Pavilion-dv6-Notebook-PC
ls.out
readme.rst
restart.al_sig5_310_stgb
