 *******************************************************************************
 ** Site#: 30659        For non-commercial use only    Version 20.225L 64BITS **
 *******************************************************************************
 ** Cite this program as: MOPAC2016, Version: 20.225L, James J. P. Stewart,   **
 ** Stewart Computational Chemistry, web: HTTP://OpenMOPAC.net. Days left: 274**
 *******************************************************************************
 **                                                                           **
 **                                MOPAC2016                                  **
 **                                                                           **
 *******************************************************************************

                              PM7 CALCULATION RESULTS

 *******************************************************************************
 *  CALCULATION DONE:                                Thu Nov 12 09:03:00 2020  *
 *  PM7        - The PM7 Hamiltonian to be used
 *  SINGLET    - SPIN STATE DEFINED AS A SINGLET
 *
 *
 *
 *                 CHARGE ON SYSTEM = 0
 *
 *
 *
 *  T=         - A TIME OF 172800.0 SECONDS REQUESTED
 *  DUMP=N     - RESTART FILE WRITTEN EVERY 7200.0 SECONDS REQUESTED
 *  GNORM      - EXIT WHEN GRADIENT NORM DROPS BELOW 0.000
 *  AUX        - OUTPUT AUXILIARY INFORMATION
 *  LARGE      - EXPANDED OUTPUT TO BE PRINTED
 *******************************************************************************
 AUX LARGE CHARGE=0 SINGLET  PM7 GNORM=0.0
 2-metylbutan (konf.2)

   ATOM   CHEMICAL          X               Y               Z
  NUMBER   SYMBOL      (ANGSTROMS)     (ANGSTROMS)     (ANGSTROMS)
 
     1       C         -8.80147000  *   0.60459000  *   0.05434000  *
     2       C         -7.40263000  *   1.23974000  *   0.09727000  *
     3       H         -9.54761000  *   1.29721000  *   0.49924000  *
     4       H         -8.83544000  *  -0.33266000  *   0.64510000  *
     5       H         -9.10014000  *   0.38419000  *  -0.99305000  *
     6       H         -7.13655000  *   1.44040000  *   1.15885000  *
     7       C         -7.42907000  *   2.58382000  *  -0.64273000  *
     8       C         -6.32133000  *   0.32678000  *  -0.52512000  *
     9       H         -6.56655000  *   0.11470000  *  -1.58902000  *
    10       C         -6.13515000  *  -0.99599000  *   0.21989000  *
    11       H         -5.34637000  *   0.86135000  *  -0.49448000  *
    12       H         -7.05038000  *  -1.61966000  *   0.17296000  *
    13       H         -5.87027000  *  -0.80573000  *   1.28160000  *
    14       H         -5.31119000  *  -1.57086000  *  -0.25309000  *
    15       H         -8.17546000  *   3.26418000  *  -0.17957000  *
    16       H         -7.69294000  *   2.43935000  *  -1.71274000  *
    17       H         -6.43465000  *   3.07572000  *  -0.58367000  *
 


          CARTESIAN COORDINATES 

    NO.       ATOM           X           Y           Z

     1         C         -8.8015      0.6046      0.0543
     2         C         -7.4026      1.2397      0.0973
     3         H         -9.5476      1.2972      0.4992
     4         H         -8.8354     -0.3327      0.6451
     5         H         -9.1001      0.3842     -0.9930
     6         H         -7.1365      1.4404      1.1588
     7         C         -7.4291      2.5838     -0.6427
     8         C         -6.3213      0.3268     -0.5251
     9         H         -6.5666      0.1147     -1.5890
    10         C         -6.1352     -0.9960      0.2199
    11         H         -5.3464      0.8614     -0.4945
    12         H         -7.0504     -1.6197      0.1730
    13         H         -5.8703     -0.8057      1.2816
    14         H         -5.3112     -1.5709     -0.2531
    15         H         -8.1755      3.2642     -0.1796
    16         H         -7.6929      2.4394     -1.7127
    17         H         -6.4347      3.0757     -0.5837

 General Reference for PM7:
 "Optimization of Parameters for Semiempirical Methods VI: More Modifications to the 
 NDDO Approximations and Re-optimization of Parameters", J. J. P. Stewart, J. Mol. Mod., 1:32, 19 (2013)
 https://link.springer.com/article/10.1007/s00894-012-1667-x

           Empirical Formula: C5 H12  =    17 atoms



      MOLECULAR POINT GROUP   :   C1  


 SINGLET STATE CALCULATION


      RHF CALCULATION, NO. OF DOUBLY OCCUPIED LEVELS = 16


          Geometry optimization using EF

  GNORM HAS BEEN SET TOO LOW, RESET TO 0.01

  SPECIFY LET AS KEYWORD TO ALLOW GNORM LESS THAN 0.01

          DIAGONAL MATRIX USED AS START HESSIAN

 CYCLE:     1 TIME:   0.010 TIME LEFT:  2.00D  GRAD.:    33.108 HEAT: -32.09337
 CYCLE:     2 TIME:   0.012 TIME LEFT:  2.00D  GRAD.:    21.285 HEAT: -32.85428
 CYCLE:     3 TIME:   0.008 TIME LEFT:  2.00D  GRAD.:    13.189 HEAT: -33.08458
 CYCLE:     4 TIME:   0.004 TIME LEFT:  2.00D  GRAD.:    19.413 HEAT: -33.09640
 CYCLE:     5 TIME:   0.006 TIME LEFT:  2.00D  GRAD.:     9.885 HEAT: -33.21489
 CYCLE:     6 TIME:   0.014 TIME LEFT:  2.00D  GRAD.:     5.827 HEAT: -33.25838
 CYCLE:     7 TIME:   0.002 TIME LEFT:  2.00D  GRAD.:     8.390 HEAT: -33.25981
 CYCLE:     8 TIME:   0.008 TIME LEFT:  2.00D  GRAD.:     5.291 HEAT: -33.28269
 CYCLE:     9 TIME:   0.006 TIME LEFT:  2.00D  GRAD.:     2.916 HEAT: -33.29506
 CYCLE:    10 TIME:   0.004 TIME LEFT:  2.00D  GRAD.:     3.508 HEAT: -33.30340
 CYCLE:    11 TIME:   0.004 TIME LEFT:  2.00D  GRAD.:     5.539 HEAT: -33.31181
 CYCLE:    12 TIME:   0.004 TIME LEFT:  2.00D  GRAD.:     3.172 HEAT: -33.32813
 CYCLE:    13 TIME:   0.004 TIME LEFT:  2.00D  GRAD.:     5.180 HEAT: -33.33536
 CYCLE:    14 TIME:   0.004 TIME LEFT:  2.00D  GRAD.:     4.698 HEAT: -33.34627
 CYCLE:    15 TIME:   0.004 TIME LEFT:  2.00D  GRAD.:     2.794 HEAT: -33.36004
 CYCLE:    16 TIME:   0.004 TIME LEFT:  2.00D  GRAD.:     2.682 HEAT: -33.36911
 CYCLE:    17 TIME:   0.004 TIME LEFT:  2.00D  GRAD.:     2.032 HEAT: -33.37904
 CYCLE:    18 TIME:   0.004 TIME LEFT:  2.00D  GRAD.:     1.302 HEAT: -33.38372
 CYCLE:    19 TIME:   0.002 TIME LEFT:  2.00D  GRAD.:     1.332 HEAT: -33.38686
 CYCLE:    20 TIME:   0.004 TIME LEFT:  2.00D  GRAD.:     1.258 HEAT: -33.38975
 CYCLE:    21 TIME:   0.004 TIME LEFT:  2.00D  GRAD.:     1.266 HEAT: -33.39222
 CYCLE:    22 TIME:   0.004 TIME LEFT:  2.00D  GRAD.:     1.367 HEAT: -33.39384
 CYCLE:    23 TIME:   0.004 TIME LEFT:  2.00D  GRAD.:     0.847 HEAT: -33.39576
 CYCLE:    24 TIME:   0.004 TIME LEFT:  2.00D  GRAD.:     0.828 HEAT: -33.39819
 CYCLE:    25 TIME:   0.002 TIME LEFT:  2.00D  GRAD.:     0.936 HEAT: -33.39953
 CYCLE:    26 TIME:   0.006 TIME LEFT:  2.00D  GRAD.:     0.918 HEAT: -33.40135
 CYCLE:    27 TIME:   0.004 TIME LEFT:  2.00D  GRAD.:     1.025 HEAT: -33.40367
 CYCLE:    28 TIME:   0.002 TIME LEFT:  2.00D  GRAD.:     1.249 HEAT: -33.40729
 CYCLE:    29 TIME:   0.004 TIME LEFT:  2.00D  GRAD.:     1.468 HEAT: -33.41266
 CYCLE:    30 TIME:   0.008 TIME LEFT:  2.00D  GRAD.:     1.475 HEAT: -33.41833
 CYCLE:    31 TIME:   0.004 TIME LEFT:  2.00D  GRAD.:     1.396 HEAT: -33.42460
 CYCLE:    32 TIME:   0.004 TIME LEFT:  2.00D  GRAD.:     1.091 HEAT: -33.42741
 CYCLE:    33 TIME:   0.002 TIME LEFT:  2.00D  GRAD.:     0.877 HEAT: -33.43080
 CYCLE:    34 TIME:   0.004 TIME LEFT:  2.00D  GRAD.:     0.615 HEAT: -33.43197
 CYCLE:    35 TIME:   0.004 TIME LEFT:  2.00D  GRAD.:     0.517 HEAT: -33.43308
 CYCLE:    36 TIME:   0.004 TIME LEFT:  2.00D  GRAD.:     0.571 HEAT: -33.43399
 CYCLE:    37 TIME:   0.004 TIME LEFT:  2.00D  GRAD.:     0.762 HEAT: -33.43549
 CYCLE:    38 TIME:   0.004 TIME LEFT:  2.00D  GRAD.:     0.858 HEAT: -33.43693
 CYCLE:    39 TIME:   0.004 TIME LEFT:  2.00D  GRAD.:     0.805 HEAT: -33.43926
 CYCLE:    40 TIME:   0.004 TIME LEFT:  2.00D  GRAD.:     0.631 HEAT: -33.44030
 CYCLE:    41 TIME:   0.004 TIME LEFT:  2.00D  GRAD.:     0.586 HEAT: -33.44136
 CYCLE:    42 TIME:   0.004 TIME LEFT:  2.00D  GRAD.:     0.477 HEAT: -33.44185
 CYCLE:    43 TIME:   0.002 TIME LEFT:  2.00D  GRAD.:     0.774 HEAT: -33.44374
 CYCLE:    44 TIME:   0.004 TIME LEFT:  2.00D  GRAD.:     0.741 HEAT: -33.44463
 CYCLE:    45 TIME:   0.004 TIME LEFT:  2.00D  GRAD.:     0.883 HEAT: -33.44780
 CYCLE:    46 TIME:   0.004 TIME LEFT:  2.00D  GRAD.:     0.966 HEAT: -33.44966
 CYCLE:    47 TIME:   0.006 TIME LEFT:  2.00D  GRAD.:     0.987 HEAT: -33.45289
 CYCLE:    48 TIME:   0.002 TIME LEFT:  2.00D  GRAD.:     0.779 HEAT: -33.45448
 CYCLE:    49 TIME:   0.004 TIME LEFT:  2.00D  GRAD.:     0.654 HEAT: -33.45610
 CYCLE:    50 TIME:   0.004 TIME LEFT:  2.00D  GRAD.:     0.612 HEAT: -33.45679
 CYCLE:    51 TIME:   0.004 TIME LEFT:  2.00D  GRAD.:     0.449 HEAT: -33.45751
 CYCLE:    52 TIME:   0.004 TIME LEFT:  2.00D  GRAD.:     0.446 HEAT: -33.45808
 CYCLE:    53 TIME:   0.004 TIME LEFT:  2.00D  GRAD.:     0.440 HEAT: -33.45847
 CYCLE:    54 TIME:   0.004 TIME LEFT:  2.00D  GRAD.:     0.358 HEAT: -33.45893
 CYCLE:    55 TIME:   0.002 TIME LEFT:  2.00D  GRAD.:     0.287 HEAT: -33.45927
 CYCLE:    56 TIME:   0.006 TIME LEFT:  2.00D  GRAD.:     0.266 HEAT: -33.45939
 CYCLE:    57 TIME:   0.004 TIME LEFT:  2.00D  GRAD.:     0.255 HEAT: -33.45956
 CYCLE:    58 TIME:   0.004 TIME LEFT:  2.00D  GRAD.:     0.217 HEAT: -33.45982
 CYCLE:    59 TIME:   0.006 TIME LEFT:  2.00D  GRAD.:     0.197 HEAT: -33.45995
 CYCLE:    60 TIME:   0.004 TIME LEFT:  2.00D  GRAD.:     0.208 HEAT: -33.46004
 CYCLE:    61 TIME:   0.004 TIME LEFT:  2.00D  GRAD.:     0.257 HEAT: -33.46017
 CYCLE:    62 TIME:   0.004 TIME LEFT:  2.00D  GRAD.:     0.396 HEAT: -33.46037
 CYCLE:    63 TIME:   0.002 TIME LEFT:  2.00D  GRAD.:     0.395 HEAT: -33.46057
 CYCLE:    64 TIME:   0.004 TIME LEFT:  2.00D  GRAD.:     0.475 HEAT: -33.46127
 CYCLE:    65 TIME:   0.004 TIME LEFT:  2.00D  GRAD.:     0.393 HEAT: -33.46153
 CYCLE:    66 TIME:   0.004 TIME LEFT:  2.00D  GRAD.:     1.482 HEAT: -33.45650
 CYCLE:    67 TIME:   0.004 TIME LEFT:  2.00D  GRAD.:     0.248 HEAT: -33.46225
 CYCLE:    68 TIME:   0.006 TIME LEFT:  2.00D  GRAD.:     0.257 HEAT: -33.46220
 CYCLE:    69 TIME:   0.004 TIME LEFT:  2.00D  GRAD.:     0.159 HEAT: -33.46232
 CYCLE:    70 TIME:   0.002 TIME LEFT:  2.00D  GRAD.:     0.083 HEAT: -33.46237
 CYCLE:    71 TIME:   0.004 TIME LEFT:  2.00D  GRAD.:     0.055 HEAT: -33.46237
 CYCLE:    72 TIME:   0.004 TIME LEFT:  2.00D  GRAD.:     0.045 HEAT: -33.46237
 CYCLE:    73 TIME:   0.004 TIME LEFT:  2.00D  GRAD.:     0.017 HEAT: -33.46237
 CYCLE:    74 TIME:   0.004 TIME LEFT:  2.00D  GRAD.:     0.013 HEAT: -33.46237
 CYCLE:    75 TIME:   0.004 TIME LEFT:  2.00D  GRAD.:     0.014 HEAT: -33.46237
 CYCLE:    76 TIME:   0.004 TIME LEFT:  2.00D  GRAD.:     0.012 HEAT: -33.46237
 CYCLE:    77 TIME:   0.002 TIME LEFT:  2.00D  GRAD.:     0.021 HEAT: -33.46237
 CYCLE:    78 TIME:   0.006 TIME LEFT:  2.00D  GRAD.:     0.014 HEAT: -33.46237
 CYCLE:    79 TIME:   0.002 TIME LEFT:  2.00D  GRAD.:     0.046 HEAT: -33.46237
 CYCLE:    80 TIME:   0.006 TIME LEFT:  2.00D  GRAD.:     0.018 HEAT: -33.46237
 CYCLE:    81 TIME:   0.004 TIME LEFT:  2.00D  GRAD.:     0.015 HEAT: -33.46237


 HEAT OF FORMATION IS ESSENTIALLY STATIONARY

 -------------------------------------------------------------------------------
 AUX LARGE CHARGE=0 SINGLET  PM7 GNORM=0.0
 2-metylbutan (konf.2)



     GEOMETRY OPTIMISED USING EIGENVECTOR FOLLOWING (EF).     
     SCF FIELD WAS ACHIEVED                                   


                              PM7 CALCULATION
                                                       MOPAC2016 (Version: 20.225L)
                                                       Thu Nov 12 09:03:00 2020
                                                       No. of days remaining = 274




          FINAL HEAT OF FORMATION =        -33.46237 KCAL/MOL =    -140.00656 KJ/MOL


          TOTAL ENERGY            =       -776.87223 EV
          ELECTRONIC ENERGY       =      -3464.23909 EV  POINT GROUP:     C1  
          CORE-CORE REPULSION     =       2687.36686 EV
          COSMO AREA              =        132.04 SQUARE ANGSTROMS
          COSMO VOLUME            =        124.91 CUBIC ANGSTROMS

          GRADIENT NORM           =          0.01532 = 0.00372 PER ATOM
          IONIZATION POTENTIAL    =         11.131940 EV
          HOMO LUMO ENERGIES (EV) =        -11.132  4.117
          NO. OF FILLED LEVELS    =         16
          MOLECULAR WEIGHT        =         72.1498

          MOLECULAR DIMENSIONS (Angstroms)

            Atom       Atom       Distance
            H    15    H    14     5.60078
            H    17    H     4     3.97225
            H    13    H     9     2.89682


          SCF CALCULATIONS        =         88
 
          WALL-CLOCK TIME         =          0.375 SECONDS
          COMPUTATION TIME        =          5.619 SECONDS




   ATOM   CHEMICAL          X               Y               Z
  NUMBER   SYMBOL      (ANGSTROMS)     (ANGSTROMS)     (ANGSTROMS)
 
     1       C         -8.81987980  *   0.60921883  *  -0.00035860  *
     2       C         -7.41360215  *   1.21378236  *   0.09133647  *
     3       H         -9.56185156  *   1.25676158  *   0.47834055  *
     4       H         -8.86671969  *  -0.36706970  *   0.49345122  *
     5       H         -9.12760430  *   0.46718905  *  -1.04159271  *
     6       H         -7.14631176  *   1.34177946  *   1.16764979  *
     7       C         -7.39560235  *   2.59035341  *  -0.58744281  *
     8       C         -6.37057153  *   0.29315056  *  -0.57233374  *
     9       H         -6.71567883  *   0.00015022  *  -1.58092782  *
    10       C         -6.08953616  *  -0.95188442  *   0.26902848  *
    11       H         -5.42840641  *   0.85271172  *  -0.72832062  *
    12       H         -6.99007689  *  -1.56263621  *   0.39673193  *
    13       H         -5.72641462  *  -0.68678717  *   1.26810057  *
    14       H         -5.32868576  *  -1.58372938  *  -0.20219935  *
    15       H         -8.13974841  *   3.26015316  *  -0.14359684  *
    16       H         -7.61984066  *   2.51196798  *  -1.65638289  *
    17       H         -6.41779223  *   3.07260972  *  -0.48731702  *

                             CARTESIAN COORDINATES

   1    C       -8.819879803     0.609218828    -0.000358602
   2    C       -7.413602147     1.213782356     0.091336473
   3    H       -9.561851558     1.256761579     0.478340546
   4    H       -8.866719686    -0.367069704     0.493451220
   5    H       -9.127604304     0.467189054    -1.041592705
   6    H       -7.146311756     1.341779460     1.167649790
   7    C       -7.395602346     2.590353414    -0.587442809
   8    C       -6.370571526     0.293150559    -0.572333745
   9    H       -6.715678834     0.000150220    -1.580927820
  10    C       -6.089536156    -0.951884416     0.269028479
  11    H       -5.428406414     0.852711717    -0.728320621
  12    H       -6.990076887    -1.562636211     0.396731934
  13    H       -5.726414618    -0.686787168     1.268100567
  14    H       -5.328685761    -1.583729381    -0.202199345
  15    H       -8.139748414     3.260153163    -0.143596837
  16    H       -7.619840662     2.511967981    -1.656382894
  17    H       -6.417792234     3.072609717    -0.487317018


           Empirical Formula: C5 H12  =    17 atoms



      MOLECULAR POINT GROUP   :   C1  


                  EIGENVALUES  
 -29.30211 -25.82729 -23.83507 -21.30636 -19.10236 -15.92024 -15.26176 -14.83233
 -14.03095 -13.26558 -13.08454 -12.63544 -12.13360 -11.45018 -11.25919 -11.13194
   4.11701   4.28790   4.70198   4.88148   5.68507   5.86518   5.91508   5.97834
   6.00872   6.05725   6.21822   6.44450   6.76759   7.07831   7.10785   7.24054


              NET ATOMIC CHARGES AND DIPOLE CONTRIBUTIONS

  ATOM NO.   TYPE          CHARGE      No. of ELECS.   s-Pop       p-Pop       
    1          C          -0.452861        4.4529     1.05587     3.39699
    2          C          -0.059265        4.0593     1.05720     3.00206
    3          H           0.140565        0.8594     0.85943
    4          H           0.142198        0.8578     0.85780
    5          H           0.143466        0.8565     0.85653
    6          H           0.128949        0.8711     0.87105
    7          C          -0.458645        4.4586     1.05676     3.40189
    8          C          -0.267791        4.2678     1.05959     3.20820
    9          H           0.135896        0.8641     0.86410
   10          C          -0.438085        4.4381     1.05191     3.38618
   11          H           0.133792        0.8662     0.86621
   12          H           0.142645        0.8574     0.85736
   13          H           0.141406        0.8586     0.85859
   14          H           0.139343        0.8607     0.86066
   15          H           0.143089        0.8569     0.85691
   16          H           0.144331        0.8557     0.85567
   17          H           0.140967        0.8590     0.85903
 DIPOLE           X         Y         Z       TOTAL
 POINT-CHG.     0.028     0.013     0.025     0.040
 HYBRID        -0.066    -0.025    -0.070     0.099
 SUM           -0.038    -0.012    -0.044     0.060


          ATOMIC ORBITAL ELECTRON POPULATIONS

     Atom    s        px        py        pz   
    1  C   1.05587   1.07019   1.15254   1.17426
    2  C   1.05720   0.96688   0.95605   1.07914
    3  H   0.85943
    4  H   0.85780
    5  H   0.85653
    6  H   0.87105
    7  C   1.05676   1.17056   1.07638   1.15495
    8  C   1.05959   1.09561   1.02764   1.08495
    9  H   0.86410
   10  C   1.05191   1.16587   1.08635   1.13396
   11  H   0.86621
   12  H   0.85736
   13  H   0.85859
   14  H   0.86066
   15  H   0.85691
   16  H   0.85567
   17  H   0.85903

 **********************
 *                    *
 * JOB ENDED NORMALLY *
 *                    *
 **********************



 TOTAL JOB TIME:             0.38 SECONDS

 == MOPAC DONE ==
