 *******************************************************************************
 **                                                                           **
 **                              MOPAC v22.1.1                                **
 **                                                                           **
 *******************************************************************************
 **          Digital Object Identifier (DOI): 10.5281/zenodo.6511958          **
 **    Visit the DOI location for information on how to cite this program.    **
 *******************************************************************************

                              PM7 CALCULATION RESULTS

 *******************************************************************************
 *  CALCULATION DONE:                                Tue Feb 20 13:55:19 2024  *
 *  PM7        - The PM7 Hamiltonian to be used
 *  SINGLET    - SPIN STATE DEFINED AS A SINGLET
 *
 *
 *
 *                 CHARGE ON SYSTEM = 0
 *
 *
 *
 *  T=         - A TIME OF 172800.0 SECONDS REQUESTED
 *  DUMP=N     - RESTART FILE WRITTEN EVERY 7200.0 SECONDS REQUESTED
 *  AUX        - OUTPUT AUXILIARY INFORMATION
 *  LARGE      - EXPANDED OUTPUT TO BE PRINTED
 *******************************************************************************
 AUX(5,COMP, XP, XS, XW)  LARGE CHARGE=0 SINGLET  PM7
 CH3Cl

   ATOM   CHEMICAL          X               Y               Z
  NUMBER   SYMBOL      (ANGSTROMS)     (ANGSTROMS)     (ANGSTROMS)
 
     1       C         -2.40211000  *   0.40536000  *   0.00000000  *
     2       H         -1.33211000  *   0.40536000  *   0.00000000  *
     3      Cl         -2.75877000  *   1.41296000  *  -0.04947000  *
     4       H         -2.75878000  *  -0.05559000  *   0.89734000  *
     5       H         -2.75878000  *  -0.14128000  *  -0.84786000  *
 


          CARTESIAN COORDINATES 

    NO.       ATOM           X           Y           Z

     1         C         -2.4021      0.4054      0.0000
     2         H         -1.3321      0.4054      0.0000
     3        Cl         -2.7588      1.4130     -0.0495
     4         H         -2.7588     -0.0556      0.8973
     5         H         -2.7588     -0.1413     -0.8479

 General Reference for PM7:
 "Optimization of Parameters for Semiempirical Methods VI: More Modifications to the 
 NDDO Approximations and Re-optimization of Parameters", J. J. P. Stewart, J. Mol. Mod., 1:32, 19 (2013)
 https://link.springer.com/article/10.1007/s00894-012-1667-x

           Empirical Formula: C H3 Cl  =     5 atoms



      MOLECULAR POINT GROUP   :   C3v 


 SINGLET STATE CALCULATION


      RHF CALCULATION, NO. OF DOUBLY OCCUPIED LEVELS = 7


     WARNING: Channel  5 cannot be opened
   - intermediate results will be sent to 'C:/Users/miroi/Desktop/Git-projects/open-collection/theoretical_chemistry/software/mopac/runs/methylchloride/ch3cl_opt.aux'
     (Try using chanel 0 if you want to avoid having intermediate results written out.)


          Geometry optimization using EF

          DIAGONAL MATRIX USED AS START HESSIAN

 CYCLE:     1 TIME:   0.012 TIME LEFT:  2.00D  GRAD.:  2503.993 HEAT:  400.1608
 CYCLE:     2 TIME:   0.008 TIME LEFT:  2.00D  GRAD.:   843.479 HEAT:  107.7178
 CYCLE:     3 TIME:   0.008 TIME LEFT:  2.00D  GRAD.:   437.180 HEAT:  32.30462
 CYCLE:     4 TIME:   0.004 TIME LEFT:  2.00D  GRAD.:   146.243 HEAT: -6.345726
 CYCLE:     5 TIME:   0.008 TIME LEFT:  2.00D  GRAD.:    92.321 HEAT: -12.51381
 CYCLE:     6 TIME:   0.012 TIME LEFT:  2.00D  GRAD.:    53.788 HEAT: -15.14798
 CYCLE:     7 TIME:   0.008 TIME LEFT:  2.00D  GRAD.:    21.516 HEAT: -16.21689
 CYCLE:     8 TIME:   0.004 TIME LEFT:  2.00D  GRAD.:     7.175 HEAT: -16.48043
 CYCLE:     9 TIME:   0.008 TIME LEFT:  2.00D  GRAD.:     1.983 HEAT: -16.53177
 CYCLE:    10 TIME:   0.004 TIME LEFT:  2.00D  GRAD.:     0.953 HEAT: -16.53508

     GRADIENT =  0.95347 IS LESS THAN CUTOFF =  1.00000



 -------------------------------------------------------------------------------
 AUX(5,COMP, XP, XS, XW)  LARGE CHARGE=0 SINGLET  PM7
 CH3Cl



     GEOMETRY OPTIMISED USING EIGENVECTOR FOLLOWING (EF).     
     SCF FIELD WAS ACHIEVED                                   


                              PM7 CALCULATION
                                                       MOPAC v22.1.1 Windows
                                                       Tue Feb 20 13:55:19 2024




          FINAL HEAT OF FORMATION =        -16.53508 KCAL/MOL =     -69.18278 KJ/MOL


          COSMO AREA              =         77.01 SQUARE ANGSTROMS
          COSMO VOLUME            =         59.77 CUBIC ANGSTROMS

          GRADIENT NORM           =          0.95347          =       0.42640 PER ATOM
          IONIZATION POTENTIAL    =         10.946361 EV
          HOMO LUMO ENERGIES (EV) =        -10.946  0.841
          NO. OF FILLED LEVELS    =          7
          MOLECULAR WEIGHT        =         50.4877         POINT GROUP:  C3v 

          MOLECULAR DIMENSIONS (Angstroms)

            Atom       Atom       Distance
           Cl     3    H     2     2.35319
            H     4    H     5     1.79611
            H     5    H     2     1.39746


          SCF CALCULATIONS        =         12
 
          WALL-CLOCK TIME         =      0.113 SECONDS
          COMPUTATION TIME        =      0.109 SECONDS




   ATOM   CHEMICAL          X               Y               Z
  NUMBER   SYMBOL      (ANGSTROMS)     (ANGSTROMS)     (ANGSTROMS)
 
     1       C         -2.28872374  *   0.08619514  *   0.01585889  *
     2       H         -1.19635337  *   0.10945260  *   0.01311026  *
     3      Cl         -2.87888185  *   1.75270920  *  -0.06637005  *
     4       H         -2.66448644  *  -0.36310335  *   0.93790440  *
     5       H         -2.66788193  *  -0.45108200  *  -0.85604895  *

                             CARTESIAN COORDINATES

   1    C       -2.288723737     0.086195142     0.015858891
   2    H       -1.196353366     0.109452604     0.013110262
   3   Cl       -2.878881848     1.752709197    -0.066370054
   4    H       -2.664486443    -0.363103348     0.937904402
   5    H       -2.667881929    -0.451082001    -0.856048950


           Empirical Formula: C H3 Cl  =     5 atoms



      MOLECULAR POINT GROUP   :   C3v 


                  EIGENVALUES  
 -27.24005 -23.12713 -15.21987 -15.21119 -13.97878 -10.94757 -10.94636   0.84093
   4.90352   4.90762   5.64989  70.14916  70.14938  70.16226  70.38054  70.38054


              NET ATOMIC CHARGES AND DIPOLE CONTRIBUTIONS

  ATOM NO.   TYPE          CHARGE      No. of ELECS.   s-Pop       p-Pop       d-Pop       
    1          C          -0.339202        4.3392     1.09673     3.24247
    2          H           0.159265        0.8407     0.84073
    3         Cl          -0.138121        7.1381     1.98335     5.15007     0.00470
    4          H           0.159048        0.8410     0.84095
    5          H           0.159009        0.8410     0.84099
 DIPOLE           X         Y         Z       TOTAL
 POINT-CHG.     0.651    -1.841     0.091     1.955
 HYBRID         0.046    -0.133     0.007     0.140
 SUM            0.696    -1.974     0.098     2.095


          ATOMIC ORBITAL ELECTRON POPULATIONS

     Atom    s        px        py        pz      x^2-y^2     xz        z^2       yz        xy
    1  C   1.09673   1.14689   0.91588   1.17970
    2  H   0.84073
    3 Cl   1.98335   1.90337   1.25145   1.99524   0.00173   0.00005   0.00075   0.00081   0.00136
    4  H   0.84095
    5  H   0.84099

 **********************
 *                    *
 * JOB ENDED NORMALLY *
 *                    *
 **********************



 TOTAL JOB TIME:             0.12 SECONDS

 == MOPAC DONE ==
