miroi@MIRO:~/work/software/gromacs/gromacs_cloned/build_gpu/.cmake -DGMX_MPI=on -DCMAKE_CUDA_ARCHITECTURES=86-real ..
-- The C compiler identification is GNU 13.3.0
-- The CXX compiler identification is GNU 13.3.0
-- Detecting C compiler ABI info
-- Detecting C compiler ABI info - done
-- Check for working C compiler: /usr/bin/cc - skipped
-- Detecting C compile features
-- Detecting C compile features - done
-- Detecting CXX compiler ABI info
-- Detecting CXX compiler ABI info - done
-- Check for working CXX compiler: /usr/bin/c++ - skipped
-- Detecting CXX compile features
-- Detecting CXX compile features - done
-- Found Python3: /usr/bin/python3.12 (found suitable version "3.12.3", minimum required is "3.9") found components: Interpreter Development Development.Module Development.Embed
-- Found Git: /usr/bin/git (found version "2.43.0")
-- Found OpenMP_CXX: -fopenmp (found version "4.5")
-- Found OpenMP: TRUE (found version "4.5") found components: CXX
-- Performing Test CFLAGS_WARN
-- Performing Test CFLAGS_WARN - Success
-- Performing Test CFLAGS_WARN_EXTRA
-- Performing Test CFLAGS_WARN_EXTRA - Success
-- Performing Test CFLAGS_WARN_PEDANTIC
-- Performing Test CFLAGS_WARN_PEDANTIC - Success
-- Performing Test CFLAGS_WARN_UNDEF
-- Performing Test CFLAGS_WARN_UNDEF - Success
-- Performing Test CFLAGS_WARN_REL
-- Performing Test CFLAGS_WARN_REL - Success
-- Performing Test CFLAGS_STRINGOP_TRUNCATION
-- Performing Test CFLAGS_STRINGOP_TRUNCATION - Success
-- Performing Test CFLAGS_FLAGS_WARN_SHADOW
-- Performing Test CFLAGS_FLAGS_WARN_SHADOW - Success
-- Performing Test CFLAGS_WARN_NO_MISSING_FIELD_INITIALIZERS
-- Performing Test CFLAGS_WARN_NO_MISSING_FIELD_INITIALIZERS - Success
-- Performing Test CFLAGS_EXCESS_PREC
-- Performing Test CFLAGS_EXCESS_PREC - Success
-- Performing Test CFLAGS_COPT
-- Performing Test CFLAGS_COPT - Success
-- Performing Test CFLAGS_NOINLINE
-- Performing Test CFLAGS_NOINLINE - Success
-- Performing Test CXXFLAGS_WARN
-- Performing Test CXXFLAGS_WARN - Success
-- Performing Test CXXFLAGS_WARN_EXTRA
-- Performing Test CXXFLAGS_WARN_EXTRA - Success
-- Performing Test CXXFLAGS_WARN_PEDANTIC
-- Performing Test CXXFLAGS_WARN_PEDANTIC - Success
-- Performing Test CXXFLAGS_WARN_UNDEF
-- Performing Test CXXFLAGS_WARN_UNDEF - Success
-- Performing Test CXXFLAGS_WARN_REL
-- Performing Test CXXFLAGS_WARN_REL - Success
-- Performing Test CXXFLAGS_STRINGOP_TRUNCATION
-- Performing Test CXXFLAGS_STRINGOP_TRUNCATION - Success
-- Performing Test CXX_FLAGS_WARN_SHADOW
-- Performing Test CXX_FLAGS_WARN_SHADOW - Success
-- Performing Test CXXFLAGS_WARN_NO_MISSING_FIELD_INITIALIZERS
-- Performing Test CXXFLAGS_WARN_NO_MISSING_FIELD_INITIALIZERS - Success
-- Performing Test CXXFLAGS_EXCESS_PREC
-- Performing Test CXXFLAGS_EXCESS_PREC - Success
-- Performing Test CXXFLAGS_COPT
-- Performing Test CXXFLAGS_COPT - Success
-- Performing Test CXXFLAGS_NOINLINE
-- Performing Test CXXFLAGS_NOINLINE - Success
-- Looking for include file unistd.h
-- Looking for include file unistd.h - found
-- Looking for include file pwd.h
-- Looking for include file pwd.h - found
-- Looking for include file dirent.h
-- Looking for include file dirent.h - found
-- Looking for include file time.h
-- Looking for include file time.h - found
-- Looking for include file sys/time.h
-- Looking for include file sys/time.h - found
-- Looking for include file io.h
-- Looking for include file io.h - not found
-- Looking for include file sched.h
-- Looking for include file sched.h - found
-- Looking for include file xmmintrin.h
-- Looking for include file xmmintrin.h - found
-- Looking for gettimeofday
-- Looking for gettimeofday - found
-- Looking for sysconf
-- Looking for sysconf - found
-- Looking for nice
-- Looking for nice - found
-- Looking for fsync
-- Looking for fsync - found
-- Looking for _fileno
-- Looking for _fileno - not found
-- Looking for fileno
-- Looking for fileno - found
-- Looking for _commit
-- Looking for _commit - not found
-- Looking for sigaction
-- Looking for sigaction - found
-- Performing Test HAVE_BUILTIN_CLZ
-- Performing Test HAVE_BUILTIN_CLZ - Success
-- Performing Test HAVE_BUILTIN_CLZLL
-- Performing Test HAVE_BUILTIN_CLZLL - Success
-- Looking for clock_gettime in rt
-- Looking for clock_gettime in rt - found
-- Looking for feenableexcept in m
-- Looking for feenableexcept in m - found
-- Looking for fedisableexcept in m
-- Looking for fedisableexcept in m - found
-- Checking for sched.h GNU affinity API
-- Performing Test sched_affinity_compile
-- Performing Test sched_affinity_compile - Success
-- Looking for include file mm_malloc.h
-- Looking for include file mm_malloc.h - found
-- Looking for include file malloc.h
-- Looking for include file malloc.h - found
-- Checking for _mm_malloc()
-- Checking for _mm_malloc() - supported
-- Looking for posix_memalign
-- Looking for posix_memalign - found
-- Looking for memalign
-- Looking for memalign - not found
-- MPI is not compatible with thread-MPI. Disabling thread-MPI.
-- Found MPI_CXX: /usr/lib/x86_64-linux-gnu/openmpi/lib/libmpi_cxx.so (found version "3.1")
-- Found MPI: TRUE (found version "3.1") found components: CXX
-- GROMACS library will use OpenMPI 4.1.6
-- Performing Test HAS_WARNING_NO_OLD_STYLE_CAST
-- Performing Test HAS_WARNING_NO_OLD_STYLE_CAST - Success
-- Performing Test HAS_WARNING_NO_CAST_QUAL
-- Performing Test HAS_WARNING_NO_CAST_QUAL - Success
-- Performing Test HAS_WARNING_NO_SUGGEST_OVERRIDE
-- Performing Test HAS_WARNING_NO_SUGGEST_OVERRIDE - Success
-- Performing Test HAS_WARNING_NO_SUGGEST_DESTRUCTOR_OVERRIDE
-- Performing Test HAS_WARNING_NO_SUGGEST_DESTRUCTOR_OVERRIDE - Success
-- Performing Test HAS_WARNING_NO_ZERO_AS_NULL_POINTER_CONSTANT
-- Performing Test HAS_WARNING_NO_ZERO_AS_NULL_POINTER_CONSTANT - Success
-- Using default binary suffix: "_mpi"
-- Using default library suffix: "_mpi"
-- Performing Test CMAKE_HAVE_LIBC_PTHREAD
-- Performing Test CMAKE_HAVE_LIBC_PTHREAD - Success
-- Found Threads: TRUE
-- Looking for C++ include pthread.h
-- Looking for C++ include pthread.h - found
-- Performing Test TEST_ATOMICS
-- Performing Test TEST_ATOMICS - Success
-- Atomic operations found
-- Performing Test PTHREAD_SETAFFINITY
-- Performing Test PTHREAD_SETAFFINITY - Success
-- Detecting best SIMD instructions for this CPU
-- Checking for GCC x86 inline asm
-- Checking for GCC x86 inline asm - supported
-- Detected build CPU features - aes apic avx avx2 clfsh cmov cx8 cx16 f16c fma htt intel lahf mmx msr nonstop_tsc pcid pclmuldq pdpe1gb popcnt pse rdrnd rdtscp sha sse2 sse3 sse4.1 sse4.2 ssse3 tdt x2apic
-- Detected build CPU brand - 12th Gen Intel(R) Core(TM) i5-12450H
-- Detected best SIMD instructions for this CPU - AVX2_256
-- Performing Test C_mavx2_mfma_FLAG_ACCEPTED
-- Performing Test C_mavx2_mfma_FLAG_ACCEPTED - Success
-- Performing Test C_mavx2_mfma_COMPILE_WORKS
-- Performing Test C_mavx2_mfma_COMPILE_WORKS - Success
-- Performing Test CXX_mavx2_mfma_FLAG_ACCEPTED
-- Performing Test CXX_mavx2_mfma_FLAG_ACCEPTED - Success
-- Performing Test CXX_mavx2_mfma_COMPILE_WORKS
-- Performing Test CXX_mavx2_mfma_COMPILE_WORKS - Success
-- Enabling 256-bit AVX2 SIMD instructions using CXX flags:  -mavx2 -mfma
-- Detecting flags to enable runtime detection of AVX-512 units on newer CPUs
-- Performing Test C_march_skylake_avx512_FLAG_ACCEPTED
-- Performing Test C_march_skylake_avx512_FLAG_ACCEPTED - Success
-- Performing Test C_march_skylake_avx512_COMPILE_WORKS
-- Performing Test C_march_skylake_avx512_COMPILE_WORKS - Success
-- Performing Test CXX_march_skylake_avx512_FLAG_ACCEPTED
-- Performing Test CXX_march_skylake_avx512_FLAG_ACCEPTED - Success
-- Performing Test CXX_march_skylake_avx512_COMPILE_WORKS
-- Performing Test CXX_march_skylake_avx512_COMPILE_WORKS - Success
-- Detecting flags to enable runtime detection of AVX-512 units on newer CPUs -  -march=skylake-avx512
-- Performing Test _Wno_unused_command_line_argument_FLAG_ACCEPTED
-- Performing Test _Wno_unused_command_line_argument_FLAG_ACCEPTED - Success
-- Performing Test _callconv___vectorcall
-- Performing Test _callconv___vectorcall - Failed
-- Performing Test _callconv___regcall
-- Performing Test _callconv___regcall - Failed
-- Performing Test _callconv_
-- Performing Test _callconv_  - Success
-- Torch not found. Neural network potential support will be disabled.
-- Detected build CPU vendor - Intel
-- Detected build CPU family - 6
-- Detected build CPU model - 154
-- Detected build CPU stepping - 3
-- Checking for 64-bit off_t
-- Checking for 64-bit off_t - present
-- Checking for fseeko/ftello
-- Checking for fseeko/ftello - present
-- Checking for SIGUSR1
-- Checking for SIGUSR1 - found
-- Checking for pipe support
-- Checking for system XDR support
-- Checking for system XDR support - not present
-- Checking for module 'fftw3f'
--   Found fftw3f, version 3.3.10
-- Looking for fftwf_plan_many_dft in /usr/lib/x86_64-linux-gnu/libfftw3f.so
-- Looking for fftwf_plan_many_dft in /usr/lib/x86_64-linux-gnu/libfftw3f.so - found
-- Looking for fftwf_plan_many_dft_r2c in /usr/lib/x86_64-linux-gnu/libfftw3f.so
-- Looking for fftwf_plan_many_dft_r2c in /usr/lib/x86_64-linux-gnu/libfftw3f.so - found
-- Looking for fftwf_plan_many_dft_c2r in /usr/lib/x86_64-linux-gnu/libfftw3f.so
-- Looking for fftwf_plan_many_dft_c2r in /usr/lib/x86_64-linux-gnu/libfftw3f.so - found
-- Looking for fftwf_have_simd_sse in /usr/lib/x86_64-linux-gnu/libfftw3f.so
-- Looking for fftwf_have_simd_sse in /usr/lib/x86_64-linux-gnu/libfftw3f.so - not found
-- Looking for fftwf_have_sse in /usr/lib/x86_64-linux-gnu/libfftw3f.so
-- Looking for fftwf_have_sse in /usr/lib/x86_64-linux-gnu/libfftw3f.so - not found
-- Looking for fftwf_have_simd_sse2 in /usr/lib/x86_64-linux-gnu/libfftw3f.so
-- Looking for fftwf_have_simd_sse2 in /usr/lib/x86_64-linux-gnu/libfftw3f.so - found
-- Using external FFT library - FFTW3
-- Looking for sgemm_
-- Looking for sgemm_ - not found
-- Looking for sgemm_
-- Looking for sgemm_ - found
-- Found BLAS: /usr/lib/x86_64-linux-gnu/libmkl_intel_lp64.so;/usr/lib/x86_64-linux-gnu/libmkl_intel_thread.so;/usr/lib/x86_64-linux-gnu/libmkl_core.so;/usr/lib/x86_64-linux-gnu/libiomp5.so;-lm;-ldl
-- Looking for cheev_
-- Looking for cheev_ - found
-- Found LAPACK: /usr/lib/x86_64-linux-gnu/libmkl_intel_lp64.so;/usr/lib/x86_64-linux-gnu/libmkl_intel_thread.so;/usr/lib/x86_64-linux-gnu/libmkl_core.so;/usr/lib/x86_64-linux-gnu/libiomp5.so;-lm;-ldl;-lm;-ldl
-- Performing Test HAS_WARNING_EVERYTHING
-- Performing Test HAS_WARNING_EVERYTHING - Failed
-- Performing Test HAVE_NO_DEPRECATED_COPY
-- Performing Test HAVE_NO_DEPRECATED_COPY - Success
-- Looking for open_memstream
-- Looking for open_memstream - found
-- Looking for dlopen
-- Looking for dlopen - found
-- Performing Test HAS_NO_STRINGOP_TRUNCATION
-- Performing Test HAS_NO_STRINGOP_TRUNCATION - Success
-- Found HDF5: /usr/lib/x86_64-linux-gnu/hdf5/serial/libhdf5.so;/usr/lib/x86_64-linux-gnu/libcrypto.so;/usr/lib/x86_64-linux-gnu/libcurl.so;/usr/lib/x86_64-linux-gnu/libpthread.a;/usr/lib/x86_64-linux-gnu/libsz.so;/usr/lib/x86_64-linux-gnu/libz.so;/usr/lib/x86_64-linux-gnu/libdl.a;/usr/lib/x86_64-linux-gnu/libm.so (found suitable version "1.10.10", minimum required is "1.10.7") found components: C
-- Performing Test HAS_WARNING_NO_CAST_FUNCTION_TYPE_STRICT
-- Performing Test HAS_WARNING_NO_CAST_FUNCTION_TYPE_STRICT - Success
-- Performing Test HAS_NO_UNUSED
-- Performing Test HAS_NO_UNUSED - Success
-- Performing Test HAS_NO_UNUSED_PARAMETER
-- Performing Test HAS_NO_UNUSED_PARAMETER - Success
-- Performing Test HAS_NO_MISSING_DECLARATIONS
-- Performing Test HAS_NO_MISSING_DECLARATIONS - Success
-- Performing Test HAS_NO_NULL_CONVERSIONS
-- Performing Test HAS_NO_NULL_CONVERSIONS - Success
-- Looking for inttypes.h
-- Looking for inttypes.h - found
-- Performing Test HAS_WARNING_NO_DEPRECATED_NON_PROTOTYPE
-- Performing Test HAS_WARNING_NO_DEPRECATED_NON_PROTOTYPE - Success
-- Performing Test COMPILER_HAS_HIDDEN_VISIBILITY
-- Performing Test COMPILER_HAS_HIDDEN_VISIBILITY - Success
-- Performing Test COMPILER_HAS_HIDDEN_INLINE_VISIBILITY
-- Performing Test COMPILER_HAS_HIDDEN_INLINE_VISIBILITY - Success
-- Performing Test COMPILER_HAS_DEPRECATED_ATTR
-- Performing Test COMPILER_HAS_DEPRECATED_ATTR - Success
-- Could NOT find Sphinx (missing: SPHINX_EXECUTABLE) (Required is at least version "4.0.0")
-- Could NOT find LATEX (missing: LATEX_COMPILER)
-- Configuring done (40.9s)
-- Generating done (0.6s)
-- Build files have been written to: /home/miroi/work/software/gromacs/gromacs_cloned/build_gpu
