-- The C compiler identification is GNU 13.3.0
-- The CXX compiler identification is GNU 13.3.0
-- Detecting C compiler ABI info
-- Detecting C compiler ABI info - done
-- Check for working C compiler: /usr/bin/cc - skipped
-- Detecting C compile features
-- Detecting C compile features - done
-- Detecting CXX compiler ABI info
-- Detecting CXX compiler ABI info - done
-- Check for working CXX compiler: /usr/bin/c++ - skipped
-- Detecting CXX compile features
-- Detecting CXX compile features - done
-- Found Python3: /usr/bin/python3.12 (found suitable version "3.12.3", minimum required is "3.9") found components: Interpreter Development Development.Module Development.Embed
-- Found Git: /usr/bin/git (found version "2.43.0")
-- Selected GPU FFT library - cuFFT
-- Found OpenMP_CXX: -fopenmp (found version "4.5")
-- Found OpenMP: TRUE (found version "4.5") found components: CXX
-- Performing Test CFLAGS_WARN
-- Performing Test CFLAGS_WARN - Success
-- Performing Test CFLAGS_WARN_EXTRA
-- Performing Test CFLAGS_WARN_EXTRA - Success
-- Performing Test CFLAGS_WARN_PEDANTIC
-- Performing Test CFLAGS_WARN_PEDANTIC - Success
-- Performing Test CFLAGS_WARN_UNDEF
-- Performing Test CFLAGS_WARN_UNDEF - Success
-- Performing Test CFLAGS_WARN_REL
-- Performing Test CFLAGS_WARN_REL - Success
-- Performing Test CFLAGS_STRINGOP_TRUNCATION
-- Performing Test CFLAGS_STRINGOP_TRUNCATION - Success
-- Performing Test CFLAGS_FLAGS_WARN_SHADOW
-- Performing Test CFLAGS_FLAGS_WARN_SHADOW - Success
-- Performing Test CFLAGS_WARN_NO_MISSING_FIELD_INITIALIZERS
-- Performing Test CFLAGS_WARN_NO_MISSING_FIELD_INITIALIZERS - Success
-- Performing Test CFLAGS_EXCESS_PREC
-- Performing Test CFLAGS_EXCESS_PREC - Success
-- Performing Test CFLAGS_COPT
-- Performing Test CFLAGS_COPT - Success
-- Performing Test CFLAGS_NOINLINE
-- Performing Test CFLAGS_NOINLINE - Success
-- Performing Test CXXFLAGS_WARN
-- Performing Test CXXFLAGS_WARN - Success
-- Performing Test CXXFLAGS_WARN_EXTRA
-- Performing Test CXXFLAGS_WARN_EXTRA - Success
-- Performing Test CXXFLAGS_WARN_PEDANTIC
-- Performing Test CXXFLAGS_WARN_PEDANTIC - Success
-- Performing Test CXXFLAGS_WARN_UNDEF
-- Performing Test CXXFLAGS_WARN_UNDEF - Success
-- Performing Test CXXFLAGS_WARN_REL
-- Performing Test CXXFLAGS_WARN_REL - Success
-- Performing Test CXXFLAGS_STRINGOP_TRUNCATION
-- Performing Test CXXFLAGS_STRINGOP_TRUNCATION - Success
-- Performing Test CXX_FLAGS_WARN_SHADOW
-- Performing Test CXX_FLAGS_WARN_SHADOW - Success
-- Performing Test CXXFLAGS_WARN_NO_MISSING_FIELD_INITIALIZERS
-- Performing Test CXXFLAGS_WARN_NO_MISSING_FIELD_INITIALIZERS - Success
-- Performing Test CXXFLAGS_EXCESS_PREC
-- Performing Test CXXFLAGS_EXCESS_PREC - Success
-- Performing Test CXXFLAGS_COPT
-- Performing Test CXXFLAGS_COPT - Success
-- Performing Test CXXFLAGS_NOINLINE
-- Performing Test CXXFLAGS_NOINLINE - Success
-- Looking for include file unistd.h
-- Looking for include file unistd.h - found
-- Looking for include file pwd.h
-- Looking for include file pwd.h - found
-- Looking for include file dirent.h
-- Looking for include file dirent.h - found
-- Looking for include file time.h
-- Looking for include file time.h - found
-- Looking for include file sys/time.h
-- Looking for include file sys/time.h - found
-- Looking for include file io.h
-- Looking for include file io.h - not found
-- Looking for include file sched.h
-- Looking for include file sched.h - found
-- Looking for include file xmmintrin.h
-- Looking for include file xmmintrin.h - found
-- Looking for gettimeofday
-- Looking for gettimeofday - found
-- Looking for sysconf
-- Looking for sysconf - found
-- Looking for nice
-- Looking for nice - found
-- Looking for fsync
-- Looking for fsync - found
-- Looking for _fileno
-- Looking for _fileno - not found
-- Looking for fileno
-- Looking for fileno - found
-- Looking for _commit
-- Looking for _commit - not found
-- Looking for sigaction
-- Looking for sigaction - found
-- Performing Test HAVE_BUILTIN_CLZ
-- Performing Test HAVE_BUILTIN_CLZ - Success
-- Performing Test HAVE_BUILTIN_CLZLL
-- Performing Test HAVE_BUILTIN_CLZLL - Success
-- Looking for clock_gettime in rt
-- Looking for clock_gettime in rt - found
-- Looking for feenableexcept in m
-- Looking for feenableexcept in m - found
-- Looking for fedisableexcept in m
-- Looking for fedisableexcept in m - found
-- Checking for sched.h GNU affinity API
-- Performing Test sched_affinity_compile
-- Performing Test sched_affinity_compile - Success
-- Looking for include file mm_malloc.h
-- Looking for include file mm_malloc.h - found
-- Looking for include file malloc.h
-- Looking for include file malloc.h - found
-- Checking for _mm_malloc()
-- Checking for _mm_malloc() - supported
-- Looking for posix_memalign
-- Looking for posix_memalign - found
-- Looking for memalign
-- Looking for memalign - not found
-- MPI is not compatible with thread-MPI. Disabling thread-MPI.
-- Found MPI_CXX: /usr/lib/x86_64-linux-gnu/openmpi/lib/libmpi_cxx.so (found version "3.1")
-- Found MPI: TRUE (found version "3.1") found components: CXX
-- GROMACS library will use OpenMPI 4.1.6
-- Performing Test HAS_WARNING_NO_OLD_STYLE_CAST
-- Performing Test HAS_WARNING_NO_OLD_STYLE_CAST - Success
-- Performing Test HAS_WARNING_NO_CAST_QUAL
-- Performing Test HAS_WARNING_NO_CAST_QUAL - Success
-- Performing Test HAS_WARNING_NO_SUGGEST_OVERRIDE
-- Performing Test HAS_WARNING_NO_SUGGEST_OVERRIDE - Success
-- Performing Test HAS_WARNING_NO_SUGGEST_DESTRUCTOR_OVERRIDE
-- Performing Test HAS_WARNING_NO_SUGGEST_DESTRUCTOR_OVERRIDE - Success
-- Performing Test HAS_WARNING_NO_ZERO_AS_NULL_POINTER_CONSTANT
-- Performing Test HAS_WARNING_NO_ZERO_AS_NULL_POINTER_CONSTANT - Success
-- Using default binary suffix: "_mpi"
-- Using default library suffix: "_mpi"
-- Performing Test CMAKE_HAVE_LIBC_PTHREAD
-- Performing Test CMAKE_HAVE_LIBC_PTHREAD - Success
-- Found Threads: TRUE
-- Looking for C++ include pthread.h
-- Looking for C++ include pthread.h - found
-- Performing Test TEST_ATOMICS
-- Performing Test TEST_ATOMICS - Success
-- Atomic operations found
-- Performing Test PTHREAD_SETAFFINITY
-- Performing Test PTHREAD_SETAFFINITY - Success
-- Detecting best SIMD instructions for this CPU
-- Checking for GCC x86 inline asm
-- Checking for GCC x86 inline asm - supported
-- Detected build CPU features - aes apic avx avx2 clfsh cmov cx8 cx16 f16c fma htt intel lahf mmx msr nonstop_tsc pcid pclmuldq pdpe1gb popcnt pse rdrnd rdtscp sha sse2 sse3 sse4.1 sse4.2 ssse3 tdt x2apic
-- Detected build CPU brand - 12th Gen Intel(R) Core(TM) i5-12450H
-- Detected best SIMD instructions for this CPU - AVX2_256
-- Performing Test C_mavx2_mfma_FLAG_ACCEPTED
-- Performing Test C_mavx2_mfma_FLAG_ACCEPTED - Success
-- Performing Test C_mavx2_mfma_COMPILE_WORKS
-- Performing Test C_mavx2_mfma_COMPILE_WORKS - Success
-- Performing Test CXX_mavx2_mfma_FLAG_ACCEPTED
-- Performing Test CXX_mavx2_mfma_FLAG_ACCEPTED - Success
-- Performing Test CXX_mavx2_mfma_COMPILE_WORKS
-- Performing Test CXX_mavx2_mfma_COMPILE_WORKS - Success
-- Enabling 256-bit AVX2 SIMD instructions using CXX flags:  -mavx2 -mfma
-- Detecting flags to enable runtime detection of AVX-512 units on newer CPUs
-- Performing Test C_march_skylake_avx512_FLAG_ACCEPTED
-- Performing Test C_march_skylake_avx512_FLAG_ACCEPTED - Success
-- Performing Test C_march_skylake_avx512_COMPILE_WORKS
-- Performing Test C_march_skylake_avx512_COMPILE_WORKS - Success
-- Performing Test CXX_march_skylake_avx512_FLAG_ACCEPTED
-- Performing Test CXX_march_skylake_avx512_FLAG_ACCEPTED - Success
-- Performing Test CXX_march_skylake_avx512_COMPILE_WORKS
-- Performing Test CXX_march_skylake_avx512_COMPILE_WORKS - Success
-- Detecting flags to enable runtime detection of AVX-512 units on newer CPUs -  -march=skylake-avx512
-- Performing Test _Wno_unused_command_line_argument_FLAG_ACCEPTED
-- Performing Test _Wno_unused_command_line_argument_FLAG_ACCEPTED - Success
-- Performing Test _callconv___vectorcall
-- Performing Test _callconv___vectorcall - Failed
-- Performing Test _callconv___regcall
-- Performing Test _callconv___regcall - Failed
-- Performing Test _callconv_ 
-- Performing Test _callconv_  - Success
-- Found CUDAToolkit: /usr/local/cuda/include (found suitable version "13.1.80", minimum required is "12.1")
-- The CUDA compiler identification is NVIDIA 13.1.80 with host compiler GNU 13.3.0
-- Detecting CUDA compiler ABI info
-- Detecting CUDA compiler ABI info - done
-- Check for working CUDA compiler: /usr/local/cuda/bin/nvcc - skipped
-- Detecting CUDA compile features
-- Detecting CUDA compile features - done
-- Compiling GROMACS for CUDA architectures: native
-- Found OpenMP_CXX: -fopenmp (found version "4.5")
-- Found OpenMP_CUDA: -fopenmp (found version "4.5")
-- Found OpenMP: TRUE (found version "4.5") found components: CXX CUDA
-- Adding work-around for issue compiling CUDA code with glibc 2.23 string.h
-- Performing Test NVCC_HAS_USE_FAST_MATH
-- Performing Test NVCC_HAS_USE_FAST_MATH - Success
-- Performing Test NVCC_HAS_STATIC_GLOBAL_TEMPLATE_STUB_FALSE
-- Performing Test NVCC_HAS_STATIC_GLOBAL_TEMPLATE_STUB_FALSE - Success
-- Performing Test NVCC_HAS_PTXAS_WARN_DOUBLE_USAGE
-- Performing Test NVCC_HAS_PTXAS_WARN_DOUBLE_USAGE - Success
-- Performing Test NVCC_HAS_PTXAS_WERROR
-- Performing Test NVCC_HAS_PTXAS_WERROR - Success
-- Performing Test NVCC_HAS_DIAG_SUPPRESS_177
-- Performing Test NVCC_HAS_DIAG_SUPPRESS_177 - Success
-- Checking for mpi-ext.h header
-- Performing Test HAVE_MPI_EXT
-- Performing Test HAVE_MPI_EXT - Success
-- Performing Test MPI_SUPPORTS_CUDA_AWARE_DETECTION
-- Performing Test MPI_SUPPORTS_CUDA_AWARE_DETECTION - Success
-- Checking for MPI_SUPPORTS_CUDA_AWARE_DETECTION - yes
-- Configuring incomplete, errors occurred!
