miroi@MIRO:~/work/software/gromacs/gromacs_cloned/build_gpu/.cmake -DGMX_MPI=on   -DGMX_GPU=CUDA  -DCMAKE_CUDA_ARCHITECTURES=86-real ..
-- The C compiler identification is GNU 13.3.0
-- The CXX compiler identification is GNU 13.3.0
-- Detecting C compiler ABI info
-- Detecting C compiler ABI info - done
-- Check for working C compiler: /usr/bin/cc - skipped
-- Detecting C compile features
-- Detecting C compile features - done
-- Detecting CXX compiler ABI info
-- Detecting CXX compiler ABI info - done
-- Check for working CXX compiler: /usr/bin/c++ - skipped
-- Detecting CXX compile features
-- Detecting CXX compile features - done
-- Found Python3: /usr/bin/python3.12 (found suitable version "3.12.3", minimum required is "3.9") found components: Interpreter Development Development.Module Development.Embed
-- Found Git: /usr/bin/git (found version "2.43.0")
-- Selected GPU FFT library - cuFFT
-- Found OpenMP_CXX: -fopenmp (found version "4.5")
-- Found OpenMP: TRUE (found version "4.5") found components: CXX
-- Performing Test CFLAGS_WARN
-- Performing Test CFLAGS_WARN - Success
-- Performing Test CFLAGS_WARN_EXTRA
-- Performing Test CFLAGS_WARN_EXTRA - Success
-- Performing Test CFLAGS_WARN_PEDANTIC
-- Performing Test CFLAGS_WARN_PEDANTIC - Success
-- Performing Test CFLAGS_WARN_UNDEF
-- Performing Test CFLAGS_WARN_UNDEF - Success
-- Performing Test CFLAGS_WARN_REL
-- Performing Test CFLAGS_WARN_REL - Success
-- Performing Test CFLAGS_STRINGOP_TRUNCATION
-- Performing Test CFLAGS_STRINGOP_TRUNCATION - Success
-- Performing Test CFLAGS_FLAGS_WARN_SHADOW
-- Performing Test CFLAGS_FLAGS_WARN_SHADOW - Success
-- Performing Test CFLAGS_WARN_NO_MISSING_FIELD_INITIALIZERS
-- Performing Test CFLAGS_WARN_NO_MISSING_FIELD_INITIALIZERS - Success
-- Performing Test CFLAGS_EXCESS_PREC
-- Performing Test CFLAGS_EXCESS_PREC - Success
-- Performing Test CFLAGS_COPT
-- Performing Test CFLAGS_COPT - Success
-- Performing Test CFLAGS_NOINLINE
-- Performing Test CFLAGS_NOINLINE - Success
-- Performing Test CXXFLAGS_WARN
-- Performing Test CXXFLAGS_WARN - Success
-- Performing Test CXXFLAGS_WARN_EXTRA
-- Performing Test CXXFLAGS_WARN_EXTRA - Success
-- Performing Test CXXFLAGS_WARN_PEDANTIC
-- Performing Test CXXFLAGS_WARN_PEDANTIC - Success
-- Performing Test CXXFLAGS_WARN_UNDEF
-- Performing Test CXXFLAGS_WARN_UNDEF - Success
-- Performing Test CXXFLAGS_WARN_REL
-- Performing Test CXXFLAGS_WARN_REL - Success
-- Performing Test CXXFLAGS_STRINGOP_TRUNCATION
-- Performing Test CXXFLAGS_STRINGOP_TRUNCATION - Success
-- Performing Test CXX_FLAGS_WARN_SHADOW
-- Performing Test CXX_FLAGS_WARN_SHADOW - Success
-- Performing Test CXXFLAGS_WARN_NO_MISSING_FIELD_INITIALIZERS
-- Performing Test CXXFLAGS_WARN_NO_MISSING_FIELD_INITIALIZERS - Success
-- Performing Test CXXFLAGS_EXCESS_PREC
-- Performing Test CXXFLAGS_EXCESS_PREC - Success
-- Performing Test CXXFLAGS_COPT
-- Performing Test CXXFLAGS_COPT - Success
-- Performing Test CXXFLAGS_NOINLINE
-- Performing Test CXXFLAGS_NOINLINE - Success
-- Looking for include file unistd.h
-- Looking for include file unistd.h - found
-- Looking for include file pwd.h
-- Looking for include file pwd.h - found
-- Looking for include file dirent.h
-- Looking for include file dirent.h - found
-- Looking for include file time.h
-- Looking for include file time.h - found
-- Looking for include file sys/time.h
-- Looking for include file sys/time.h - found
-- Looking for include file io.h
-- Looking for include file io.h - not found
-- Looking for include file sched.h
-- Looking for include file sched.h - found
-- Looking for include file xmmintrin.h
-- Looking for include file xmmintrin.h - found
-- Looking for gettimeofday
-- Looking for gettimeofday - found
-- Looking for sysconf
-- Looking for sysconf - found
-- Looking for nice
-- Looking for nice - found
-- Looking for fsync
-- Looking for fsync - found
-- Looking for _fileno
-- Looking for _fileno - not found
-- Looking for fileno
-- Looking for fileno - found
-- Looking for _commit
-- Looking for _commit - not found
-- Looking for sigaction
-- Looking for sigaction - found
-- Performing Test HAVE_BUILTIN_CLZ
-- Performing Test HAVE_BUILTIN_CLZ - Success
-- Performing Test HAVE_BUILTIN_CLZLL
-- Performing Test HAVE_BUILTIN_CLZLL - Success
-- Looking for clock_gettime in rt
-- Looking for clock_gettime in rt - found
-- Looking for feenableexcept in m
-- Looking for feenableexcept in m - found
-- Looking for fedisableexcept in m
-- Looking for fedisableexcept in m - found
-- Checking for sched.h GNU affinity API
-- Performing Test sched_affinity_compile
-- Performing Test sched_affinity_compile - Success
-- Looking for include file mm_malloc.h
-- Looking for include file mm_malloc.h - found
-- Looking for include file malloc.h
-- Looking for include file malloc.h - found
-- Checking for _mm_malloc()
-- Checking for _mm_malloc() - supported
-- Looking for posix_memalign
-- Looking for posix_memalign - found
-- Looking for memalign
-- Looking for memalign - not found
-- MPI is not compatible with thread-MPI. Disabling thread-MPI.
-- Found MPI_CXX: /usr/lib/x86_64-linux-gnu/openmpi/lib/libmpi_cxx.so (found version "3.1")
-- Found MPI: TRUE (found version "3.1") found components: CXX
-- GROMACS library will use OpenMPI 4.1.6
-- Performing Test HAS_WARNING_NO_OLD_STYLE_CAST
-- Performing Test HAS_WARNING_NO_OLD_STYLE_CAST - Success
-- Performing Test HAS_WARNING_NO_CAST_QUAL
-- Performing Test HAS_WARNING_NO_CAST_QUAL - Success
-- Performing Test HAS_WARNING_NO_SUGGEST_OVERRIDE
-- Performing Test HAS_WARNING_NO_SUGGEST_OVERRIDE - Success
-- Performing Test HAS_WARNING_NO_SUGGEST_DESTRUCTOR_OVERRIDE
-- Performing Test HAS_WARNING_NO_SUGGEST_DESTRUCTOR_OVERRIDE - Success
-- Performing Test HAS_WARNING_NO_ZERO_AS_NULL_POINTER_CONSTANT
-- Performing Test HAS_WARNING_NO_ZERO_AS_NULL_POINTER_CONSTANT - Success
-- Using default binary suffix: "_mpi"
-- Using default library suffix: "_mpi"
-- Performing Test CMAKE_HAVE_LIBC_PTHREAD
-- Performing Test CMAKE_HAVE_LIBC_PTHREAD - Success
-- Found Threads: TRUE
-- Looking for C++ include pthread.h
-- Looking for C++ include pthread.h - found
-- Performing Test TEST_ATOMICS
-- Performing Test TEST_ATOMICS - Success
-- Atomic operations found
-- Performing Test PTHREAD_SETAFFINITY
-- Performing Test PTHREAD_SETAFFINITY - Success
-- Detecting best SIMD instructions for this CPU
-- Checking for GCC x86 inline asm
-- Checking for GCC x86 inline asm - supported
-- Detected build CPU features - aes apic avx avx2 clfsh cmov cx8 cx16 f16c fma htt intel lahf mmx msr nonstop_tsc pcid pclmuldq pdpe1gb popcnt pse rdrnd rdtscp sha sse2 sse3 sse4.1 sse4.2 ssse3 tdt x2apic
-- Detected build CPU brand - 12th Gen Intel(R) Core(TM) i5-12450H
-- Detected best SIMD instructions for this CPU - AVX2_256
-- Performing Test C_mavx2_mfma_FLAG_ACCEPTED
-- Performing Test C_mavx2_mfma_FLAG_ACCEPTED - Success
-- Performing Test C_mavx2_mfma_COMPILE_WORKS
-- Performing Test C_mavx2_mfma_COMPILE_WORKS - Success
-- Performing Test CXX_mavx2_mfma_FLAG_ACCEPTED
-- Performing Test CXX_mavx2_mfma_FLAG_ACCEPTED - Success
-- Performing Test CXX_mavx2_mfma_COMPILE_WORKS
-- Performing Test CXX_mavx2_mfma_COMPILE_WORKS - Success
-- Enabling 256-bit AVX2 SIMD instructions using CXX flags:  -mavx2 -mfma
-- Detecting flags to enable runtime detection of AVX-512 units on newer CPUs
-- Performing Test C_march_skylake_avx512_FLAG_ACCEPTED
-- Performing Test C_march_skylake_avx512_FLAG_ACCEPTED - Success
-- Performing Test C_march_skylake_avx512_COMPILE_WORKS
-- Performing Test C_march_skylake_avx512_COMPILE_WORKS - Success
-- Performing Test CXX_march_skylake_avx512_FLAG_ACCEPTED
-- Performing Test CXX_march_skylake_avx512_FLAG_ACCEPTED - Success
-- Performing Test CXX_march_skylake_avx512_COMPILE_WORKS
-- Performing Test CXX_march_skylake_avx512_COMPILE_WORKS - Success
-- Detecting flags to enable runtime detection of AVX-512 units on newer CPUs -  -march=skylake-avx512
-- Performing Test _Wno_unused_command_line_argument_FLAG_ACCEPTED
-- Performing Test _Wno_unused_command_line_argument_FLAG_ACCEPTED - Success
-- Performing Test _callconv___vectorcall
-- Performing Test _callconv___vectorcall - Failed
-- Performing Test _callconv___regcall
-- Performing Test _callconv___regcall - Failed
-- Performing Test _callconv_
-- Performing Test _callconv_  - Success
-- Found CUDAToolkit: /usr/local/cuda/include (found suitable version "13.1.80", minimum required is "12.1")
-- The CUDA compiler identification is NVIDIA 13.1.80 with host compiler GNU 13.3.0
-- Detecting CUDA compiler ABI info
-- Detecting CUDA compiler ABI info - done
-- Check for working CUDA compiler: /usr/local/cuda/bin/nvcc - skipped
-- Detecting CUDA compile features
-- Detecting CUDA compile features - done
-- Compiling GROMACS for CUDA architectures: 86-real
-- Found OpenMP_CXX: -fopenmp (found version "4.5")
-- Found OpenMP_CUDA: -fopenmp (found version "4.5")
-- Found OpenMP: TRUE (found version "4.5") found components: CXX CUDA
-- Adding work-around for issue compiling CUDA code with glibc 2.23 string.h
-- Performing Test NVCC_HAS_USE_FAST_MATH
-- Performing Test NVCC_HAS_USE_FAST_MATH - Success
-- Performing Test NVCC_HAS_STATIC_GLOBAL_TEMPLATE_STUB_FALSE
-- Performing Test NVCC_HAS_STATIC_GLOBAL_TEMPLATE_STUB_FALSE - Success
-- Performing Test NVCC_HAS_PTXAS_WARN_DOUBLE_USAGE
-- Performing Test NVCC_HAS_PTXAS_WARN_DOUBLE_USAGE - Success
-- Performing Test NVCC_HAS_PTXAS_WERROR
-- Performing Test NVCC_HAS_PTXAS_WERROR - Success
-- Performing Test NVCC_HAS_DIAG_SUPPRESS_177
-- Performing Test NVCC_HAS_DIAG_SUPPRESS_177 - Success
-- Checking for mpi-ext.h header
-- Performing Test HAVE_MPI_EXT
-- Performing Test HAVE_MPI_EXT - Success
-- Performing Test MPI_SUPPORTS_CUDA_AWARE_DETECTION
-- Performing Test MPI_SUPPORTS_CUDA_AWARE_DETECTION - Success
-- Checking for MPI_SUPPORTS_CUDA_AWARE_DETECTION - yes
-- Torch not found. Neural network potential support will be disabled.
-- Detected build CPU vendor - Intel
-- Detected build CPU family - 6
-- Detected build CPU model - 154
-- Detected build CPU stepping - 3
-- Checking for 64-bit off_t
-- Checking for 64-bit off_t - present
-- Checking for fseeko/ftello
-- Checking for fseeko/ftello - present
-- Checking for SIGUSR1
-- Checking for SIGUSR1 - found
-- Checking for pipe support
-- Checking for system XDR support
-- Checking for system XDR support - not present
-- Checking for module 'fftw3f'
--   Found fftw3f, version 3.3.10
-- Looking for fftwf_plan_many_dft in /usr/lib/x86_64-linux-gnu/libfftw3f.so
-- Looking for fftwf_plan_many_dft in /usr/lib/x86_64-linux-gnu/libfftw3f.so - found
-- Looking for fftwf_plan_many_dft_r2c in /usr/lib/x86_64-linux-gnu/libfftw3f.so
-- Looking for fftwf_plan_many_dft_r2c in /usr/lib/x86_64-linux-gnu/libfftw3f.so - found
-- Looking for fftwf_plan_many_dft_c2r in /usr/lib/x86_64-linux-gnu/libfftw3f.so
-- Looking for fftwf_plan_many_dft_c2r in /usr/lib/x86_64-linux-gnu/libfftw3f.so - found
-- Looking for fftwf_have_simd_sse in /usr/lib/x86_64-linux-gnu/libfftw3f.so
-- Looking for fftwf_have_simd_sse in /usr/lib/x86_64-linux-gnu/libfftw3f.so - not found
-- Looking for fftwf_have_sse in /usr/lib/x86_64-linux-gnu/libfftw3f.so
-- Looking for fftwf_have_sse in /usr/lib/x86_64-linux-gnu/libfftw3f.so - not found
-- Looking for fftwf_have_simd_sse2 in /usr/lib/x86_64-linux-gnu/libfftw3f.so
-- Looking for fftwf_have_simd_sse2 in /usr/lib/x86_64-linux-gnu/libfftw3f.so - found
-- Using external FFT library - FFTW3
-- Looking for sgemm_
-- Looking for sgemm_ - not found
-- Looking for sgemm_
-- Looking for sgemm_ - found
-- Found BLAS: /usr/lib/x86_64-linux-gnu/libmkl_intel_lp64.so;/usr/lib/x86_64-linux-gnu/libmkl_intel_thread.so;/usr/lib/x86_64-linux-gnu/libmkl_core.so;/usr/lib/x86_64-linux-gnu/libiomp5.so;-lm;-ldl
-- Looking for cheev_
-- Looking for cheev_ - found
-- Found LAPACK: /usr/lib/x86_64-linux-gnu/libmkl_intel_lp64.so;/usr/lib/x86_64-linux-gnu/libmkl_intel_thread.so;/usr/lib/x86_64-linux-gnu/libmkl_core.so;/usr/lib/x86_64-linux-gnu/libiomp5.so;-lm;-ldl;-lm;-ldl
-- Performing Test HAS_WARNING_EVERYTHING
-- Performing Test HAS_WARNING_EVERYTHING - Failed
-- Performing Test HAVE_NO_DEPRECATED_COPY
-- Performing Test HAVE_NO_DEPRECATED_COPY - Success
-- Looking for open_memstream
-- Looking for open_memstream - found
-- Looking for dlopen
-- Looking for dlopen - found
-- Performing Test HAS_NO_STRINGOP_TRUNCATION
-- Performing Test HAS_NO_STRINGOP_TRUNCATION - Success
-- Found HDF5: /usr/lib/x86_64-linux-gnu/hdf5/serial/libhdf5.so;/usr/lib/x86_64-linux-gnu/libcrypto.so;/usr/lib/x86_64-linux-gnu/libcurl.so;/usr/lib/x86_64-linux-gnu/libpthread.a;/usr/lib/x86_64-linux-gnu/libsz.so;/usr/lib/x86_64-linux-gnu/libz.so;/usr/lib/x86_64-linux-gnu/libdl.a;/usr/lib/x86_64-linux-gnu/libm.so (found suitable version "1.10.10", minimum required is "1.10.7") found components: C
-- Performing Test HAS_WARNING_NO_CAST_FUNCTION_TYPE_STRICT
-- Performing Test HAS_WARNING_NO_CAST_FUNCTION_TYPE_STRICT - Success
-- Performing Test HAS_NO_UNUSED
-- Performing Test HAS_NO_UNUSED - Success
-- Performing Test HAS_NO_UNUSED_PARAMETER
-- Performing Test HAS_NO_UNUSED_PARAMETER - Success
-- Performing Test HAS_NO_MISSING_DECLARATIONS
-- Performing Test HAS_NO_MISSING_DECLARATIONS - Success
-- Performing Test HAS_NO_NULL_CONVERSIONS
-- Performing Test HAS_NO_NULL_CONVERSIONS - Success
-- Looking for inttypes.h
-- Looking for inttypes.h - found
-- Performing Test HAS_WARNING_NO_DEPRECATED_NON_PROTOTYPE
-- Performing Test HAS_WARNING_NO_DEPRECATED_NON_PROTOTYPE - Success
-- Performing Test COMPILER_HAS_HIDDEN_VISIBILITY
-- Performing Test COMPILER_HAS_HIDDEN_VISIBILITY - Success
-- Performing Test COMPILER_HAS_HIDDEN_INLINE_VISIBILITY
-- Performing Test COMPILER_HAS_HIDDEN_INLINE_VISIBILITY - Success
-- Performing Test COMPILER_HAS_DEPRECATED_ATTR
-- Performing Test COMPILER_HAS_DEPRECATED_ATTR - Success
-- Could NOT find Sphinx (missing: SPHINX_EXECUTABLE) (Required is at least version "4.0.0")
-- Could NOT find LATEX (missing: LATEX_COMPILER)
-- Configuring done (83.5s)
-- Generating done (0.6s)
-- Build files have been written to: /home/miroi/work/software/gromacs/gromacs_cloned/build_gpu

miroi@MIRO:~/work/software/gromacs/gromacs_cloned/build_gpu/.m -j4
.
.
[ 95%] Building CXX object api/nblib/CMakeFiles/nblib.dir/box.cpp.o
[ 95%] Building CXX object api/nblib/CMakeFiles/nblib.dir/gmxcalculatorcpu.cpp.o
[ 95%] Built target gmx
[ 95%] Building CXX object api/gmxapi/CMakeFiles/gmxapi.dir/cpp/context.cpp.o
[ 95%] Building CXX object src/testutils/CMakeFiles/testutils.dir/conftest.cpp.o
[ 95%] Building CXX object api/gmxapi/CMakeFiles/gmxapi.dir/cpp/exceptions.cpp.o
[ 95%] Building CXX object api/gmxapi/CMakeFiles/gmxapi.dir/cpp/gmxapi.cpp.o
[ 95%] Building CXX object api/nblib/CMakeFiles/nblib.dir/integrator.cpp.o
[ 95%] Building CXX object api/nblib/CMakeFiles/nblib.dir/interactions.cpp.o
[ 96%] Building CXX object src/testutils/CMakeFiles/testutils.dir/filematchers.cpp.o
[ 96%] Building CXX object api/gmxapi/CMakeFiles/gmxapi.dir/cpp/md.cpp.o
[ 96%] Building CXX object src/testutils/CMakeFiles/testutils.dir/interactivetest.cpp.o
[ 96%] Building CXX object api/nblib/CMakeFiles/nblib.dir/molecules.cpp.o
[ 96%] Building CXX object api/gmxapi/CMakeFiles/gmxapi.dir/cpp/mdmodule.cpp.o
[ 96%] Building CXX object api/gmxapi/CMakeFiles/gmxapi.dir/cpp/mdsignals.cpp.o
[ 96%] Building CXX object api/nblib/CMakeFiles/nblib.dir/nbnxmsetuphelpers.cpp.o
[ 96%] Building CXX object api/gmxapi/CMakeFiles/gmxapi.dir/cpp/session.cpp.o
[ 96%] Building CXX object api/nblib/CMakeFiles/nblib.dir/particlesequencer.cpp.o
[ 96%] Building CXX object api/gmxapi/CMakeFiles/gmxapi.dir/cpp/status.cpp.o
[ 96%] Building CXX object src/testutils/CMakeFiles/testutils.dir/loggertest.cpp.o
[ 96%] Building CXX object api/gmxapi/CMakeFiles/gmxapi.dir/cpp/system.cpp.o
[ 96%] Building CXX object api/gmxapi/CMakeFiles/gmxapi.dir/cpp/version.cpp.o
[ 96%] Building CXX object api/gmxapi/CMakeFiles/gmxapi.dir/cpp/workflow.cpp.o
[ 96%] Building CXX object api/nblib/CMakeFiles/nblib.dir/particletype.cpp.o
[ 96%] Building CXX object api/gmxapi/CMakeFiles/gmxapi.dir/cpp/tpr.cpp.o
[ 96%] Building CXX object api/nblib/CMakeFiles/nblib.dir/simulationstate.cpp.o
[ 96%] Building CXX object api/nblib/CMakeFiles/nblib.dir/topologyhelpers.cpp.o
[ 96%] Building CXX object api/nblib/CMakeFiles/nblib.dir/topology.cpp.o
[ 96%] Building CXX object src/testutils/CMakeFiles/testutils.dir/mpi_printer.cpp.o
[ 96%] Building CXX object src/testutils/CMakeFiles/testutils.dir/mpitest.cpp.o
[ 96%] Building CXX object api/nblib/CMakeFiles/nblib.dir/tpr.cpp.o
[ 96%] Linking CXX shared library ../../lib/libgmxapi_mpi.so
[ 96%] Built target gmxapi
[ 96%] Building CXX object api/nblib/CMakeFiles/nblib.dir/virials.cpp.o
[ 96%] Building CXX object src/testutils/CMakeFiles/testutils.dir/posixmemstream.cpp.o
[ 96%] Building CXX object api/nblib/CMakeFiles/nblib.dir/listed_forces/calculator.cpp.o
[ 96%] Building CXX object src/testutils/CMakeFiles/testutils.dir/refdata.cpp.o
[ 96%] Building CXX object api/nblib/CMakeFiles/nblib.dir/listed_forces/transformations.cpp.o
[ 96%] Building CXX object api/nblib/CMakeFiles/nblib.dir/listed_forces/conversions.cpp.o
[ 96%] Building CXX object src/testutils/CMakeFiles/testutils.dir/refdata_xml.cpp.o
[ 96%] Building CXX object src/testutils/CMakeFiles/testutils.dir/setenv.cpp.o
[ 96%] Building CXX object src/testutils/CMakeFiles/testutils.dir/simulationdatabase.cpp.o
[ 98%] Building CXX object api/nblib/CMakeFiles/nblib.dir/listed_forces/convertGmxToNblib.cpp.o
[ 98%] Building CXX object src/testutils/CMakeFiles/testutils.dir/stdiohelper.cpp.o
[ 98%] Building CXX object api/nblib/CMakeFiles/nblib.dir/util/setup.cpp.o
[ 98%] Building CXX object src/testutils/CMakeFiles/testutils.dir/stringtest.cpp.o
[ 98%] Building CXX object src/testutils/CMakeFiles/testutils.dir/testasserts.cpp.o
[ 98%] Building CXX object src/testutils/CMakeFiles/testutils.dir/testfilemanager.cpp.o
[ 98%] Building CXX object src/testutils/CMakeFiles/testutils.dir/testfileredirector.cpp.o
[ 98%] Building CXX object src/testutils/CMakeFiles/testutils.dir/test_device.cpp.o
[ 98%] Building CXX object src/testutils/CMakeFiles/testutils.dir/test_hardware_environment.cpp.o
[ 98%] Building CXX object src/testutils/CMakeFiles/testutils.dir/testinit.cpp.o
[ 98%] Linking CXX shared library ../../lib/libnblib_gmx.so
[100%] Building CXX object src/testutils/CMakeFiles/testutils.dir/testmatchers.cpp.o
[100%] Built target nblib
[100%] Building CXX object src/testutils/CMakeFiles/testutils.dir/testoptions.cpp.o
[100%] Building CXX object src/testutils/CMakeFiles/testutils.dir/textblockmatchers.cpp.o
[100%] Building CXX object src/testutils/CMakeFiles/testutils.dir/topologyhelpers.cpp.o
[100%] Building CXX object src/testutils/CMakeFiles/testutils.dir/tprfilegenerator.cpp.o
[100%] Building CXX object src/testutils/CMakeFiles/testutils.dir/trajectoryreader.cpp.o
[100%] Building CXX object src/testutils/CMakeFiles/testutils.dir/xvgtest.cpp.o
[100%] Building CXX object src/testutils/CMakeFiles/testutils.dir/__/external/tinyxml2/tinyxml2.cpp.o
[100%] Building CXX object api/nblib/samples/CMakeFiles/argon-forces-integration.dir/argon-forces-integration.cpp.o
[100%] Building CXX object api/nblib/samples/CMakeFiles/methane-water-integration.dir/methane-water-integration.cpp.o
[100%] Linking CXX shared library ../../lib/libtestutils.so
[100%] Built target testutils
[100%] Linking CXX executable ../../../bin/argon-forces-integration
[100%] Built target argon-forces-integration
[100%] Linking CXX executable ../../../bin/methane-water-integration
[100%] Built target methane-water-integration



miroi@MIRO:~/work/software/gromacs/gromacs_cloned/build_gpu/.ldd bin/gmx_mpi
        linux-vdso.so.1 (0x00007ffd4896c000)
        libgromacs_mpi.so.11 => /home/miroi/work/software/gromacs/gromacs_cloned/build_gpu/bin/../lib/libgromacs_mpi.so.11 (0x0000787594600000)
        libmpi.so.40 => /lib/x86_64-linux-gnu/libmpi.so.40 (0x0000787596700000)
        libstdc++.so.6 => /lib/x86_64-linux-gnu/libstdc++.so.6 (0x0000787594200000)
        libgcc_s.so.1 => /lib/x86_64-linux-gnu/libgcc_s.so.1 (0x00007875966d2000)
        libc.so.6 => /lib/x86_64-linux-gnu/libc.so.6 (0x0000787593e00000)
        libcufft.so.12 => /usr/local/cuda-13.1/targets/x86_64-linux/lib/libcufft.so.12 (0x0000787581800000)
        libmpi_cxx.so.40 => /lib/x86_64-linux-gnu/libmpi_cxx.so.40 (0x00007875966b7000)
        libfftw3f.so.3 => /lib/x86_64-linux-gnu/libfftw3f.so.3 (0x0000787581400000)
        libmkl_intel_lp64.so => /lib/x86_64-linux-gnu/libmkl_intel_lp64.so (0x0000787580600000)
        libmkl_intel_thread.so => /lib/x86_64-linux-gnu/libmkl_intel_thread.so (0x000078757cc00000)
        libmkl_core.so => /lib/x86_64-linux-gnu/libmkl_core.so (0x0000787578400000)
        libomp.so.5 => /lib/x86_64-linux-gnu/libomp.so.5 (0x00007875944d3000)
        libm.so.6 => /lib/x86_64-linux-gnu/libm.so.6 (0x0000787594117000)
        libhdf5_serial.so.103 => /lib/x86_64-linux-gnu/libhdf5_serial.so.103 (0x0000787578000000)
        libmuparser.so.2 => /home/miroi/work/software/gromacs/gromacs_cloned/build_gpu/bin/../lib/../lib/libmuparser.so.2 (0x00007875940b8000)
        /lib64/ld-linux-x86-64.so.2 (0x0000787596866000)
        libopen-rte.so.40 => /lib/x86_64-linux-gnu/libopen-rte.so.40 (0x0000787581744000)
        libopen-pal.so.40 => /lib/x86_64-linux-gnu/libopen-pal.so.40 (0x0000787581690000)
        libhwloc.so.15 => /lib/x86_64-linux-gnu/libhwloc.so.15 (0x0000787594057000)
        libdl.so.2 => /lib/x86_64-linux-gnu/libdl.so.2 (0x00007875966ae000)
        libpthread.so.0 => /lib/x86_64-linux-gnu/libpthread.so.0 (0x00007875966a9000)
        librt.so.1 => /lib/x86_64-linux-gnu/librt.so.1 (0x00007875966a2000)
        libcrypto.so.3 => /lib/x86_64-linux-gnu/libcrypto.so.3 (0x0000787577a00000)
        libcurl.so.4 => /lib/x86_64-linux-gnu/libcurl.so.4 (0x000078758133f000)
        libsz.so.2 => /lib/x86_64-linux-gnu/libsz.so.2 (0x000078759669d000)
        libz.so.1 => /lib/x86_64-linux-gnu/libz.so.1 (0x00007875944b7000)
        libgomp.so.1 => /lib/x86_64-linux-gnu/libgomp.so.1 (0x000078758163a000)
        libevent_core-2.1.so.7 => /lib/x86_64-linux-gnu/libevent_core-2.1.so.7 (0x0000787594482000)
        libevent_pthreads-2.1.so.7 => /lib/x86_64-linux-gnu/libevent_pthreads-2.1.so.7 (0x0000787596696000)
        libudev.so.1 => /lib/x86_64-linux-gnu/libudev.so.1 (0x0000787594024000)
        libnghttp2.so.14 => /lib/x86_64-linux-gnu/libnghttp2.so.14 (0x00007875805d5000)
        libidn2.so.0 => /lib/x86_64-linux-gnu/libidn2.so.0 (0x00007875805b3000)
        librtmp.so.1 => /lib/x86_64-linux-gnu/librtmp.so.1 (0x0000787581321000)
        libssh.so.4 => /lib/x86_64-linux-gnu/libssh.so.4 (0x0000787580542000)
        libpsl.so.5 => /lib/x86_64-linux-gnu/libpsl.so.5 (0x000078758052e000)
        libssl.so.3 => /lib/x86_64-linux-gnu/libssl.so.3 (0x000078757cb56000)
        libgssapi_krb5.so.2 => /lib/x86_64-linux-gnu/libgssapi_krb5.so.2 (0x000078757cb02000)
        libldap.so.2 => /lib/x86_64-linux-gnu/libldap.so.2 (0x000078757caa4000)
        liblber.so.2 => /lib/x86_64-linux-gnu/liblber.so.2 (0x0000787594014000)
        libzstd.so.1 => /lib/x86_64-linux-gnu/libzstd.so.1 (0x0000787577f46000)
        libbrotlidec.so.1 => /lib/x86_64-linux-gnu/libbrotlidec.so.1 (0x0000787593df2000)
        libaec.so.0 => /lib/x86_64-linux-gnu/libaec.so.0 (0x0000787596689000)
        libcap.so.2 => /lib/x86_64-linux-gnu/libcap.so.2 (0x0000787580521000)
        libunistring.so.5 => /lib/x86_64-linux-gnu/libunistring.so.5 (0x0000787577853000)
        libgnutls.so.30 => /lib/x86_64-linux-gnu/libgnutls.so.30 (0x0000787577659000)
        libhogweed.so.6 => /lib/x86_64-linux-gnu/libhogweed.so.6 (0x000078757ca5c000)
        libnettle.so.8 => /lib/x86_64-linux-gnu/libnettle.so.8 (0x00007875783ab000)
        libgmp.so.10 => /lib/x86_64-linux-gnu/libgmp.so.10 (0x00007875775d5000)
        libkrb5.so.3 => /lib/x86_64-linux-gnu/libkrb5.so.3 (0x000078757750c000)
        libk5crypto.so.3 => /lib/x86_64-linux-gnu/libk5crypto.so.3 (0x00007875804f5000)
        libcom_err.so.2 => /lib/x86_64-linux-gnu/libcom_err.so.2 (0x00007875804ef000)
        libkrb5support.so.0 => /lib/x86_64-linux-gnu/libkrb5support.so.0 (0x000078757ca4f000)
        libsasl2.so.2 => /lib/x86_64-linux-gnu/libsasl2.so.2 (0x0000787578391000)
        libbrotlicommon.so.1 => /lib/x86_64-linux-gnu/libbrotlicommon.so.1 (0x0000787577f23000)
        libp11-kit.so.0 => /lib/x86_64-linux-gnu/libp11-kit.so.0 (0x0000787577368000)
        libtasn1.so.6 => /lib/x86_64-linux-gnu/libtasn1.so.6 (0x000078757837b000)
        libkeyutils.so.1 => /lib/x86_64-linux-gnu/libkeyutils.so.1 (0x000078757ca48000)
        libresolv.so.2 => /lib/x86_64-linux-gnu/libresolv.so.2 (0x0000787577355000)
        libffi.so.8 => /lib/x86_64-linux-gnu/libffi.so.8 (0x0000787577f17000)
miroi@MIRO:~/work/software/gromacs/gromacs_cloned/build_gpu/.

miroi@MIRO:~/work/software/gromacs/gromacs_cloned/build_gpu/.make tests
.
.
miroi@MIRO:~/work/software/gromacs/gromacs_cloned/build_gpu/.ls bin/
analysisdata-test*                    gmxapi-mpi-test*                         mdrun-multisim-replex-test*         nblib-integrator-test*       random-test*
applied_forces-test*                  gmxapi-test*                             mdrun-multisim-test*                nblib-listed-forces-test*    restraintpotential-test*
argon-forces-integration*             gmxpreprocess-test*                      mdrun-non-integrator-test*          nblib-setup-test*            selection-test*
awh-test*                             gpu_utils-mpi-test*                      mdrun-output-test*                  nblib-tpr-test*              serialization-test*
colvars_applied_forces-test*          gpu_utils-test*                          mdrun-pull-test*                    nblib-util-test*             simd-test*
commandline-test*                     h5md-test*                               mdrun-rotation-test*                nbnxm-gpu-test*              table-test*
compat-test*                          hardware-test*                           mdrun-simulator-comparison-test*    nbnxm-test*                  taskassignment-test*
coordinateio-test*                    listed_forces-test*                      mdrun-single-rank-algorithms-test*  nnpot_applied_forces-test*   testutils-mpi-test*
correlations-test*                    math-test*                               mdrun-test*                         nonbonded-fep-test*          testutils-test*
density_fitting_applied_forces-test*  mdlib-test*                              mdrun-tpi-test*                     onlinehelp-test*             timing-test*
domdec-mpi-test*                      mdrun-coordination-basic-test*           mdrun-vsites-test*                  options-test*                tool-test*
domdec-test*                          mdrun-coordination-constraints-test*     mdrunutility-mpi-test*              pbcutil-test*                tool-test-with-leaks*
energyanalysis-test*                  mdrun-coordination-coupling-test*        mdrunutility-test*                  pdb2gmx1-test*               topology-test*
ewald-test*                           mdrun-fep-test*                          mdspan-test*                        pdb2gmx2-test*               trajectoryanalysis-test*
fft-test*                             mdrun-io-test*                           mdtypes-test*                       pdb2gmx3-test*               utility-mpi-test*
fileio-test*                          mdrun-modules-test*                      methane-water-integration*          plumed_applied_forces-test*  utility-test*
fmm-interface-tests*                  mdrun-mpi-pme-test*                      minimize-test*                      plumed_md-test*              workflow-details-mpi-test*
gmx_mpi*                              mdrun-mpi-test*                          mpicomm-test*                       pull-test*                   workflow-details-test*
gmxana-test*                          mdrun-multisim-replex-equivalence-test*  nblib-integration-test*             qmmm_applied_forces-test*
miroi@MIRO:~/work/software/gromacs/gromacs_cloned/build_gpu/.ctest -j4
.
.
100% tests passed, 0 tests failed out of 100

Label Time Summary:
GTest              = 718.39 sec*proc (98 tests)
IntegrationTest    = 419.12 sec*proc (32 tests)
MpiTest            = 501.09 sec*proc (26 tests)
QuickGpuTest       = 141.23 sec*proc (24 tests)
SlowGpuTest        = 508.53 sec*proc (15 tests)
SlowTest           = 261.38 sec*proc (14 tests)
UnitTest           =  37.89 sec*proc (52 tests)

Total Test time (real) = 181.86 sec
