  15
 Etot=         -28.0997360724
 O          1.6472517984        1.7556049020        0.0001150295
 C          0.7069058989        0.7455803821       -0.0001265705
 C          1.1177934243       -0.5820345956       -0.0000595132
 O          2.4353606214       -0.9358500719        0.0000036871
 C          0.1631365232       -1.5919093192        0.0000247426
 H          0.4905308859       -2.6190039147        0.0002231024
 C         -1.1812852245       -1.2751723832        0.0000013782
 H         -1.9185274584       -2.0670311458        0.0001714809
 C         -1.5921636353        0.0524373934        0.0000231347
 C         -0.6375160014        1.0623102273       -0.0000752388
 H         -0.9649191225        2.0894096800       -0.0001639992
 O         -2.9097079231        0.4062441189        0.0000279549
 H         -3.4572697960       -0.3875995061       -0.0000075833
 H          2.9829278651       -0.1420065337       -0.0000548154
 H          1.2074901986        2.5976914210        0.0000306588
  15
 Etot=         -28.1004224894
 O          1.6646988755        1.7336618598        0.0000363935
 C          0.7044878849        0.7466799674       -0.0000436854
 C          1.1185694749       -0.5841147456        0.0000013831
 O          2.4384694666       -0.9246268700        0.0000023711
 C          0.1617758833       -1.5891509513        0.0000677579
 H          0.4927099214       -2.6141418339        0.0001149810
 C         -1.1851377735       -1.2768869263        0.0000622211
 H         -1.9209981520       -2.0693382817        0.0001321123
 C         -1.5969558746        0.0493376261       -0.0000143097
 C         -0.6439332571        1.0604629593       -0.0000623657
 H         -0.9722537439        2.0886315262       -0.0000894973
 O         -2.9133879933        0.4047820512       -0.0000190419
 H         -3.4607040772       -0.3890774924        0.0000172295
 H          2.9695930043       -0.1181577959       -0.0000091019
 H          1.2330744150        2.5906095617       -0.0000629989
  15
 Etot=         -28.1006635856
 O          1.6799994039        1.7112834484       -0.0000346145
 C          0.7003850052        0.7475545372        0.0000000893
 C          1.1173378085       -0.5876925563        0.0000224715
 O          2.4402479835       -0.9098673503        0.0000074965
 C          0.1602481083       -1.5891823176        0.0000610570
 H          0.4935323910       -2.6135558437        0.0000955598
 C         -1.1882714327       -1.2796577010        0.0000673269
 H         -1.9227912498       -2.0726676916        0.0000943363
 C         -1.5993235088        0.0458613628        0.0000031991
 C         -0.6478931318        1.0590626110       -0.0000199999
 H         -0.9764434351        2.0880553148       -0.0000729024
 O         -2.9146352077        0.4043903859       -0.0000215150
 H         -3.4627042404       -0.3889590395        0.0000121160
 H          2.9488745328       -0.0870511581        0.0000225703
 H          1.2614450275        2.5810966525       -0.0001037421
  15
 Etot=         -28.1006873298
 O          1.6818351252        1.7074088586       -0.0000479138
 C          0.6992523136        0.7474054802       -0.0000100456
 C          1.1166076432       -0.5893236243        0.0000311135
 O          2.4405340200       -0.9056168764        0.0000290782
 C          0.1602789081       -1.5906267400        0.0000686339
 H          0.4927030703       -2.6156007900        0.0000908071
 C         -1.1885061634       -1.2803053317        0.0000614039
 H         -1.9229605003       -2.0732971443        0.0000842650
 C         -1.5987727422        0.0449824569        0.0000041559
 C         -0.6474523994        1.0591023218       -0.0000260057
 H         -0.9765263832        2.0878727032       -0.0000547477
 O         -2.9140156300        0.4046984767       -0.0000180524
 H         -3.4627508042       -0.3882308726        0.0000132444
 H          2.9418925266       -0.0784402879        0.0000142673
 H          1.2678890699        2.5786420244       -0.0001067555
