milias@lxbk1135.gsi.de:/lustre/ukt/milias/work/software/quantum-espresso/qe-7.2/build_gnu_openmpi_openblas/.cmake -DQE_ENABLE_OPENMP=ON -DQE_ENABLE_SCALAPACK=ON -DQE_ENABLE_ELPA=ON -DBLA_VENDOR=OpenBLAS -DCMAKE_C_COMPILER=mpicc -DCMAKE_Fortran_COMPILER=mpif90 -DELPA_LIBRARIES=/cvmfs/vae.gsi.de/wjue22nh7br4jthmt3lfugpeivfms/lib -DELPA_INCLUDE_DIRS=/cvmfs/vae.gsi.de/vae23/spack-0.19/opt/linux-debian10-x86_64/gcc-10.2.0/elpa-2021.11.001-uorwjue22nh7br4jthmt3lfugpeivfms/include -DELPA_Fortran_MODS_DIR=/cvmfs/vae.gsi.de/vae23/spack-0.19/opt/linux-debian10-x86_64/gcc-10.2.0/elpa-2021.11.001-uorwjue22nh7br4jthmt3lfugpeivfms/include/elpa_openmp-2021.11.001/modules -DVendorFFTW_LIBRARIES=/cvmfs/vae.gsi.de/vae23/spack-0.19/opt/linux-debian10-x86_64/gcc-10.2.0/amdfftw-3.0-a5urjhpjd7jrmbg6ygxyvci2d4kv2fbb -DVendorFFTW_INCLUDE_DIRS=/cvmfs/vae.gsi.de/vae23/spack-0.19/opt/linux-debian10-x86_64/gcc-10.2.0/amdfftw-3.0-a5urjhpjd7jrmbg6ygxyvci2d4kv2fbb/include -DVendorFFTW_ID=amd  ..
-- The Fortran compiler identification is GNU 10.2.0
-- The C compiler identification is GNU 10.2.0
-- Detecting Fortran compiler ABI info
-- Detecting Fortran compiler ABI info - done
-- Check for working Fortran compiler: /cvmfs/vae.gsi.de/vae23/spack-0.19/opt/linux-debian10-x86_64/gcc-10.2.0/openmpi-4.1.5-phbdvrf3few3givo575jlifx6dhnfgk7/bin/mpif90 - skipped
-- Detecting C compiler ABI info
-- Detecting C compiler ABI info - done
-- Check for working C compiler: /cvmfs/vae.gsi.de/vae23/spack-0.19/opt/linux-debian10-x86_64/gcc-10.2.0/openmpi-4.1.5-phbdvrf3few3givo575jlifx6dhnfgk7/bin/mpicc - skipped
-- Detecting C compile features
-- Detecting C compile features - done
-- Setting build type to 'Release' as none was specified
-- Looking for mallinfo
-- Looking for mallinfo - found
-- Enable sanitizer QE_ENABLE_SANITIZER=none
-- C preprocessor used by qe_preprocess_source in qeHelpers.cmake: /usr/bin/cpp
-- Performing Test Fortran_ISYSTEM_SUPPORTED
-- Performing Test Fortran_ISYSTEM_SUPPORTED - Success
-- Found OpenMP_Fortran: -fopenmp (found version "4.5") 
-- Found OpenMP_C: -fopenmp (found version "4.5") 
-- Found OpenMP: TRUE (found version "4.5") found components: Fortran C 
-- Found MPI_Fortran: /cvmfs/vae.gsi.de/vae23/spack-0.19/opt/linux-debian10-x86_64/gcc-10.2.0/openmpi-4.1.5-phbdvrf3few3givo575jlifx6dhnfgk7/bin/mpif90 (found version "3.1") 
-- Found MPI: TRUE (found version "3.1") found components: Fortran 
-- MPI settings used by CTest
     MPIEXEC_EXECUTABLE : /cvmfs/vae.gsi.de/vae23/spack-0.19/opt/linux-debian10-x86_64/gcc-10.2.0/openmpi-4.1.5-phbdvrf3few3givo575jlifx6dhnfgk7/bin/mpiexec
     MPIEXEC_NUMPROC_FLAG : -n
     MPIEXEC_PREFLAGS : 
   Tests run as : /cvmfs/vae.gsi.de/vae23/spack-0.19/opt/linux-debian10-x86_64/gcc-10.2.0/openmpi-4.1.5-phbdvrf3few3givo575jlifx6dhnfgk7/bin/mpiexec -n <NUM_PROCS>  <EXECUTABLE>
-- Found Git: /usr/bin/git (found suitable version "2.20.1", minimum required is "2.13") 
-- Source files are not cloned from a git repository.
-- Looking for Fortran sgemm
-- Looking for Fortran sgemm - found
-- Found BLAS: /cvmfs/vae.gsi.de/vae23/spack-0.19/opt/linux-debian10-x86_64/gcc-10.2.0/openblas-0.3.21-q7nhojttkz52xuf4zkxk7vvgllqnxh34/lib/libopenblas.so  
-- Looking for Fortran cheev
-- Looking for Fortran cheev - found
-- Found LAPACK: /cvmfs/vae.gsi.de/vae23/spack-0.19/opt/linux-debian10-x86_64/gcc-10.2.0/openblas-0.3.21-q7nhojttkz52xuf4zkxk7vvgllqnxh34/lib/libopenblas.so;/cvmfs/vae.gsi.de/vae23/spack-0.19/opt/linux-debian10-x86_64/gcc-10.2.0/openblas-0.3.21-q7nhojttkz52xuf4zkxk7vvgllqnxh34/lib/libopenblas.so  
-- Found LAPACK: /cvmfs/vae.gsi.de/vae23/spack-0.19/opt/linux-debian10-x86_64/gcc-10.2.0/openblas-0.3.21-q7nhojttkz52xuf4zkxk7vvgllqnxh34/lib/libopenblas.so;/cvmfs/vae.gsi.de/vae23/spack-0.19/opt/linux-debian10-x86_64/gcc-10.2.0/openblas-0.3.21-q7nhojttkz52xuf4zkxk7vvgllqnxh34/lib/libopenblas.so;/cvmfs/vae.gsi.de/vae23/spack-0.19/opt/linux-debian10-x86_64/gcc-10.2.0/openblas-0.3.21-q7nhojttkz52xuf4zkxk7vvgllqnxh34/lib/libopenblas.so;/cvmfs/vae.gsi.de/vae23/spack-0.19/opt/linux-debian10-x86_64/gcc-8.3.0/gcc-10.2.0-agxjp3zexhitnb3g6czo5p4im3hi74ht/lib64/libgomp.so
-- Looking for Fortran zhpev
-- Looking for Fortran zhpev - found
-- Looking for Fortran pdgemm
-- Looking for Fortran pdgemm - found
-- Found SCALAPACK: /cvmfs/vae.gsi.de/vae23/spack-0.19/opt/linux-debian10-x86_64/gcc-10.2.0/amdscalapack-3.2-zmrsnzmnifwusgdparcdnpdksnehsbcm/lib/libscalapack.so;/cvmfs/vae.gsi.de/vae23/spack-0.19/opt/linux-debian10-x86_64/gcc-10.2.0/openblas-0.3.21-q7nhojttkz52xuf4zkxk7vvgllqnxh34/lib/libopenblas.so;/cvmfs/vae.gsi.de/vae23/spack-0.19/opt/linux-debian10-x86_64/gcc-10.2.0/openblas-0.3.21-q7nhojttkz52xuf4zkxk7vvgllqnxh34/lib/libopenblas.so;/cvmfs/vae.gsi.de/vae23/spack-0.19/opt/linux-debian10-x86_64/gcc-10.2.0/openblas-0.3.21-q7nhojttkz52xuf4zkxk7vvgllqnxh34/lib/libopenblas.so;
-- ELPA version string extracted from ELPA_INCLUDE_DIRS : 2021.11.001
-- Found ELPA: /cvmfs/vae.gsi.de/wjue22nh7br4jthmt3lfugpeivfms/lib (found version "2021.11.001") 
-- Add ELPA flag : __ELPA
-- Installing Wannier90 via submodule
-- Cloning https://github.com/wannier-developers/wannier90.git into /lustre/ukt/milias/work/software/quantum-espresso/qe-7.2/external/wannier90.
Initialized empty Git repository in /lustre/ukt/milias/work/software/quantum-espresso/qe-7.2/external/wannier90/.git/
From https://github.com/wannier-developers/wannier90
 * branch            1d6b187374a2d50b509e5e79e2cab01a79ff7ce1 -> FETCH_HEAD
Switched to a new branch 'recorded_HEAD'
-- Installing MBD via submodule
-- Installing DeviceXlib via submodule
-- Found VendorFFTW: /cvmfs/vae.gsi.de/vae23/spack-0.19/opt/linux-debian10-x86_64/gcc-10.2.0/amdfftw-3.0-a5urjhpjd7jrmbg6ygxyvci2d4kv2fbb  
-- Enabling tests in test-suite

Only pw and cp results from ctest are reliable, we are working on making the rest tests work reliably with ctest. To run non-pw/cp tests, make a softlink of the bin directory to the root of QE source tree and run tests in the test-suite directory under that root.

-- generating tests in pw category
-- generating tests in cp category
-- generating tests in ph category
-- generating tests in epw category
-- generating tests in tddfpt category
-- generating tests in hp category
-- Configuring done
-- Generating done
-- Build files have been written to: /lustre/ukt/milias/work/software/quantum-espresso/qe-7.2/build_gnu_openmpi_openblas
milias@lxbk1135.gsi.de:/lustre/ukt/milias/work/software/quantum-espresso/qe-7.2/build_gnu_openmpi_openblas/.

